[2026-05-19 08:32:16] local.ERROR: SQLSTATE[23000]: Integrity constraint violation: 1062 Duplicate entry 'admin@skoter.id' for key 'users.users_email_unique' (Connection: mysql, Host: 194.233.69.244, Port: 3307, Database: skoter, SQL: insert into `users` (`name`, `email`, `password`, `role`, `updated_at`, `created_at`) values (Administrator, admin@skoter.id, $2y$12$uR7antynZRYb/7jGJ5XB1.nBZeOs0cYWBlVn4qgnTsSiXIr9OyCPW, admin, 2026-05-19 08:32:16, 2026-05-19 08:32:16)) {"exception":"[object] (Illuminate\\Database\\UniqueConstraintViolationException(code: 23000): SQLSTATE[23000]: Integrity constraint violation: 1062 Duplicate entry 'admin@skoter.id' for key 'users.users_email_unique' (Connection: mysql, Host: 194.233.69.244, Port: 3307, Database: skoter, SQL: insert into `users` (`name`, `email`, `password`, `role`, `updated_at`, `created_at`) values (Administrator, admin@skoter.id, $2y$12$uR7antynZRYb/7jGJ5XB1.nBZeOs0cYWBlVn4qgnTsSiXIr9OyCPW, admin, 2026-05-19 08:32:16, 2026-05-19 08:32:16)) at C:/Users/MSI GF63/Dokumen/GitHub/projectPPLSI4707-C/projectPPLSI4707-C/vendor/laravel/framework/src/Illuminate/Database/Connection.php:841)
[stacktrace]
#0 C:/Users/MSI GF63/Dokumen/GitHub/projectPPLSI4707-C/projectPPLSI4707-C/vendor/laravel/framework/src/Illuminate/Database/Connection.php(797): Illuminate/Database/Connection->runQueryCallback('insert into `us...', Array, Object(Closure))
#1 C:/Users/MSI GF63/Dokumen/GitHub/projectPPLSI4707-C/projectPPLSI4707-C/vendor/laravel/framework/src/Illuminate/Database/MySqlConnection.php(42): Illuminate/Database/Connection->run('insert into `us...', Array, Object(Closure))
#2 C:/Users/MSI GF63/Dokumen/GitHub/projectPPLSI4707-C/projectPPLSI4707-C/vendor/laravel/framework/src/Illuminate/Database/Query/Processors/MySqlProcessor.php(35): Illuminate/Database/MySqlConnection->insert('insert into `us...', Array, 'id')
#3 C:/Users/MSI GF63/Dokumen/GitHub/projectPPLSI4707-C/projectPPLSI4707-C/vendor/laravel/framework/src/Illuminate/Database/Query/Builder.php(4246): Illuminate/Database/Query/Processors/MySqlProcessor->processInsertGetId(Object(Illuminate/Database/Query/Builder), 'insert into `us...', Array, 'id')
#4 C:/Users/MSI GF63/Dokumen/GitHub/projectPPLSI4707-C/projectPPLSI4707-C/vendor/laravel/framework/src/Illuminate/Database/Eloquent/Builder.php(2270): Illuminate/Database/Query/Builder->insertGetId(Array, 'id')
#5 C:/Users/MSI GF63/Dokumen/GitHub/projectPPLSI4707-C/projectPPLSI4707-C/vendor/laravel/framework/src/Illuminate/Database/Eloquent/Model.php(1650): Illuminate/Database/Eloquent/Builder->__call('insertGetId', Array)
#6 C:/Users/MSI GF63/Dokumen/GitHub/projectPPLSI4707-C/projectPPLSI4707-C/vendor/laravel/framework/src/Illuminate/Database/Eloquent/Model.php(1566): Illuminate/Database/Eloquent/Model->insertAndSetId(Object(Illuminate/Database/Eloquent/Builder), Array)
#7 C:/Users/MSI GF63/Dokumen/GitHub/projectPPLSI4707-C/projectPPLSI4707-C/vendor/laravel/framework/src/Illuminate/Database/Eloquent/Model.php(1370): Illuminate/Database/Eloquent/Model->performInsert(Object(Illuminate/Database/Eloquent/Builder))
#8 C:/Users/MSI GF63/Dokumen/GitHub/projectPPLSI4707-C/projectPPLSI4707-C/vendor/laravel/framework/src/Illuminate/Database/Eloquent/Builder.php(1224): Illuminate/Database/Eloquent/Model->save()
#9 C:/Users/MSI GF63/Dokumen/GitHub/projectPPLSI4707-C/projectPPLSI4707-C/vendor/laravel/framework/src/Illuminate/Support/helpers.php(393): Illuminate/Database/Eloquent/Builder->Illuminate/Database/Eloquent/{closure}(Object(App/Models/User))
#10 C:/Users/MSI GF63/Dokumen/GitHub/projectPPLSI4707-C/projectPPLSI4707-C/vendor/laravel/framework/src/Illuminate/Database/Eloquent/Builder.php(1223): tap(Object(App/Models/User), Object(Closure))
#11 C:/Users/MSI GF63/Dokumen/GitHub/projectPPLSI4707-C/projectPPLSI4707-C/vendor/laravel/framework/src/Illuminate/Support/Traits/ForwardsCalls.php(23): Illuminate/Database/Eloquent/Builder->create(Array)
#12 C:/Users/MSI GF63/Dokumen/GitHub/projectPPLSI4707-C/projectPPLSI4707-C/vendor/laravel/framework/src/Illuminate/Database/Eloquent/Model.php(2793): Illuminate/Database/Eloquent/Model->forwardCallTo(Object(Illuminate/Database/Eloquent/Builder), 'create', Array)
#13 C:/Users/MSI GF63/Dokumen/GitHub/projectPPLSI4707-C/projectPPLSI4707-C/vendor/laravel/framework/src/Illuminate/Database/Eloquent/Model.php(2809): Illuminate/Database/Eloquent/Model->__call('create', Array)
#14 C:/Users/MSI GF63/Dokumen/GitHub/projectPPLSI4707-C/projectPPLSI4707-C/database/seeders/DatabaseSeeder.php(16): Illuminate/Database/Eloquent/Model::__callStatic('create', Array)
#15 C:/Users/MSI GF63/Dokumen/GitHub/projectPPLSI4707-C/projectPPLSI4707-C/vendor/laravel/framework/src/Illuminate/Container/BoundMethod.php(36): Database/Seeders/DatabaseSeeder->run()
#16 C:/Users/MSI GF63/Dokumen/GitHub/projectPPLSI4707-C/projectPPLSI4707-C/vendor/laravel/framework/src/Illuminate/Container/Util.php(43): Illuminate/Container/BoundMethod::Illuminate/Container/{closure}()
#17 C:/Users/MSI GF63/Dokumen/GitHub/projectPPLSI4707-C/projectPPLSI4707-C/vendor/laravel/framework/src/Illuminate/Container/BoundMethod.php(96): Illuminate/Container/Util::unwrapIfClosure(Object(Closure))
#18 C:/Users/MSI GF63/Dokumen/GitHub/projectPPLSI4707-C/projectPPLSI4707-C/vendor/laravel/framework/src/Illuminate/Container/BoundMethod.php(35): Illuminate/Container/BoundMethod::callBoundMethod(Object(Illuminate/Foundation/Application), Array, Object(Closure))
#19 C:/Users/MSI GF63/Dokumen/GitHub/projectPPLSI4707-C/projectPPLSI4707-C/vendor/laravel/framework/src/Illuminate/Container/Container.php(799): Illuminate/Container/BoundMethod::call(Object(Illuminate/Foundation/Application), Array, Array, NULL)
#20 C:/Users/MSI GF63/Dokumen/GitHub/projectPPLSI4707-C/projectPPLSI4707-C/vendor/laravel/framework/src/Illuminate/Database/Seeder.php(184): Illuminate/Container/Container->call(Array, Array)
#21 C:/Users/MSI GF63/Dokumen/GitHub/projectPPLSI4707-C/projectPPLSI4707-C/vendor/laravel/framework/src/Illuminate/Database/Seeder.php(191): Illuminate/Database/Seeder->Illuminate/Database/{closure}()
#22 C:/Users/MSI GF63/Dokumen/GitHub/projectPPLSI4707-C/projectPPLSI4707-C/vendor/laravel/framework/src/Illuminate/Database/Console/Seeds/SeedCommand.php(71): Illuminate/Database/Seeder->__invoke()
#23 C:/Users/MSI GF63/Dokumen/GitHub/projectPPLSI4707-C/projectPPLSI4707-C/vendor/laravel/framework/src/Illuminate/Database/Eloquent/Concerns/GuardsAttributes.php(181): Illuminate/Database/Console/Seeds/SeedCommand->Illuminate/Database/Console/Seeds/{closure}()
#24 C:/Users/MSI GF63/Dokumen/GitHub/projectPPLSI4707-C/projectPPLSI4707-C/vendor/laravel/framework/src/Illuminate/Database/Console/Seeds/SeedCommand.php(70): Illuminate/Database/Eloquent/Model::unguarded(Object(Closure))
#25 C:/Users/MSI GF63/Dokumen/GitHub/projectPPLSI4707-C/projectPPLSI4707-C/vendor/laravel/framework/src/Illuminate/Container/BoundMethod.php(36): Illuminate/Database/Console/Seeds/SeedCommand->handle()
#26 C:/Users/MSI GF63/Dokumen/GitHub/projectPPLSI4707-C/projectPPLSI4707-C/vendor/laravel/framework/src/Illuminate/Container/Util.php(43): Illuminate/Container/BoundMethod::Illuminate/Container/{closure}()
#27 C:/Users/MSI GF63/Dokumen/GitHub/projectPPLSI4707-C/projectPPLSI4707-C/vendor/laravel/framework/src/Illuminate/Container/BoundMethod.php(96): Illuminate/Container/Util::unwrapIfClosure(Object(Closure))
#28 C:/Users/MSI GF63/Dokumen/GitHub/projectPPLSI4707-C/projectPPLSI4707-C/vendor/laravel/framework/src/Illuminate/Container/BoundMethod.php(35): Illuminate/Container/BoundMethod::callBoundMethod(Object(Illuminate/Foundation/Application), Array, Object(Closure))
#29 C:/Users/MSI GF63/Dokumen/GitHub/projectPPLSI4707-C/projectPPLSI4707-C/vendor/laravel/framework/src/Illuminate/Container/Container.php(799): Illuminate/Container/BoundMethod::call(Object(Illuminate/Foundation/Application), Array, Array, NULL)
#30 C:/Users/MSI GF63/Dokumen/GitHub/projectPPLSI4707-C/projectPPLSI4707-C/vendor/laravel/framework/src/Illuminate/Console/Command.php(280): Illuminate/Container/Container->call(Array)
#31 C:/Users/MSI GF63/Dokumen/GitHub/projectPPLSI4707-C/projectPPLSI4707-C/vendor/symfony/console/Command/Command.php(341): Illuminate/Console/Command->execute(Object(Symfony/Component/Console/Input/ArrayInput), Object(Illuminate/Console/OutputStyle))
#32 C:/Users/MSI GF63/Dokumen/GitHub/projectPPLSI4707-C/projectPPLSI4707-C/vendor/laravel/framework/src/Illuminate/Console/Command.php(249): Symfony/Component/Console/Command/Command->run(Object(Symfony/Component/Console/Input/ArrayInput), Object(Illuminate/Console/OutputStyle))
#33 C:/Users/MSI GF63/Dokumen/GitHub/projectPPLSI4707-C/projectPPLSI4707-C/vendor/laravel/framework/src/Illuminate/Console/Concerns/CallsCommands.php(68): Illuminate/Console/Command->run(Object(Symfony/Component/Console/Input/ArrayInput), Object(Illuminate/Console/OutputStyle))
#34 C:/Users/MSI GF63/Dokumen/GitHub/projectPPLSI4707-C/projectPPLSI4707-C/vendor/laravel/framework/src/Illuminate/Console/Concerns/CallsCommands.php(29): Illuminate/Console/Command->runCommand('db:seed', Array, Object(Illuminate/Console/OutputStyle))
#35 C:/Users/MSI GF63/Dokumen/GitHub/projectPPLSI4707-C/projectPPLSI4707-C/vendor/laravel/framework/src/Illuminate/Database/Console/Migrations/MigrateCommand.php(127): Illuminate/Console/Command->call('db:seed', Array)
#36 C:/Users/MSI GF63/Dokumen/GitHub/projectPPLSI4707-C/projectPPLSI4707-C/vendor/laravel/framework/src/Illuminate/Database/Migrations/Migrator.php(671): Illuminate/Database/Console/Migrations/MigrateCommand->Illuminate/Database/Console/Migrations/{closure}()
#37 C:/Users/MSI GF63/Dokumen/GitHub/projectPPLSI4707-C/projectPPLSI4707-C/vendor/laravel/framework/src/Illuminate/Database/Console/Migrations/MigrateCommand.php(111): Illuminate/Database/Migrations/Migrator->usingConnection(NULL, Object(Closure))
#38 C:/Users/MSI GF63/Dokumen/GitHub/projectPPLSI4707-C/projectPPLSI4707-C/vendor/laravel/framework/src/Illuminate/Database/Console/Migrations/MigrateCommand.php(90): Illuminate/Database/Console/Migrations/MigrateCommand->runMigrations()
#39 C:/Users/MSI GF63/Dokumen/GitHub/projectPPLSI4707-C/projectPPLSI4707-C/vendor/laravel/framework/src/Illuminate/Container/BoundMethod.php(36): Illuminate/Database/Console/Migrations/MigrateCommand->handle()
#40 C:/Users/MSI GF63/Dokumen/GitHub/projectPPLSI4707-C/projectPPLSI4707-C/vendor/laravel/framework/src/Illuminate/Container/Util.php(43): Illuminate/Container/BoundMethod::Illuminate/Container/{closure}()
#41 C:/Users/MSI GF63/Dokumen/GitHub/projectPPLSI4707-C/projectPPLSI4707-C/vendor/laravel/framework/src/Illuminate/Container/BoundMethod.php(96): Illuminate/Container/Util::unwrapIfClosure(Object(Closure))
#42 C:/Users/MSI GF63/Dokumen/GitHub/projectPPLSI4707-C/projectPPLSI4707-C/vendor/laravel/framework/src/Illuminate/Container/BoundMethod.php(35): Illuminate/Container/BoundMethod::callBoundMethod(Object(Illuminate/Foundation/Application), Array, Object(Closure))
#43 C:/Users/MSI GF63/Dokumen/GitHub/projectPPLSI4707-C/projectPPLSI4707-C/vendor/laravel/framework/src/Illuminate/Container/Container.php(799): Illuminate/Container/BoundMethod::call(Object(Illuminate/Foundation/Application), Array, Array, NULL)
#44 C:/Users/MSI GF63/Dokumen/GitHub/projectPPLSI4707-C/projectPPLSI4707-C/vendor/laravel/framework/src/Illuminate/Console/Command.php(280): Illuminate/Container/Container->call(Array)
#45 C:/Users/MSI GF63/Dokumen/GitHub/projectPPLSI4707-C/projectPPLSI4707-C/vendor/symfony/console/Command/Command.php(341): Illuminate/Console/Command->execute(Object(Symfony/Component/Console/Input/ArgvInput), Object(Illuminate/Console/OutputStyle))
#46 C:/Users/MSI GF63/Dokumen/GitHub/projectPPLSI4707-C/projectPPLSI4707-C/vendor/laravel/framework/src/Illuminate/Console/Command.php(249): Symfony/Component/Console/Command/Command->run(Object(Symfony/Component/Console/Input/ArgvInput), Object(Illuminate/Console/OutputStyle))
#47 C:/Users/MSI GF63/Dokumen/GitHub/projectPPLSI4707-C/projectPPLSI4707-C/vendor/symfony/console/Application.php(1117): Illuminate/Console/Command->run(Object(Symfony/Component/Console/Input/ArgvInput), Object(Symfony/Component/Console/Output/ConsoleOutput))
#48 C:/Users/MSI GF63/Dokumen/GitHub/projectPPLSI4707-C/projectPPLSI4707-C/vendor/symfony/console/Application.php(356): Symfony/Component/Console/Application->doRunCommand(Object(Illuminate/Database/Console/Migrations/MigrateCommand), Object(Symfony/Component/Console/Input/ArgvInput), Object(Symfony/Component/Console/Output/ConsoleOutput))
#49 C:/Users/MSI GF63/Dokumen/GitHub/projectPPLSI4707-C/projectPPLSI4707-C/vendor/symfony/console/Application.php(195): Symfony/Component/Console/Application->doRun(Object(Symfony/Component/Console/Input/ArgvInput), Object(Symfony/Component/Console/Output/ConsoleOutput))
#50 C:/Users/MSI GF63/Dokumen/GitHub/projectPPLSI4707-C/projectPPLSI4707-C/vendor/laravel/framework/src/Illuminate/Foundation/Console/Kernel.php(198): Symfony/Component/Console/Application->run(Object(Symfony/Component/Console/Input/ArgvInput), Object(Symfony/Component/Console/Output/ConsoleOutput))
#51 C:/Users/MSI GF63/Dokumen/GitHub/projectPPLSI4707-C/projectPPLSI4707-C/vendor/laravel/framework/src/Illuminate/Foundation/Application.php(1235): Illuminate/Foundation/Console/Kernel->handle(Object(Symfony/Component/Console/Input/ArgvInput), Object(Symfony/Component/Console/Output/ConsoleOutput))
#52 C:/Users/MSI GF63/Dokumen/GitHub/projectPPLSI4707-C/projectPPLSI4707-C/artisan(16): Illuminate/Foundation/Application->handleCommand(Object(Symfony/Component/Console/Input/ArgvInput))
#53 {main}

[previous exception] [object] (PDOException(code: 23000): SQLSTATE[23000]: Integrity constraint violation: 1062 Duplicate entry 'admin@skoter.id' for key 'users.users_email_unique' at C:/Users/MSI GF63/Dokumen/GitHub/projectPPLSI4707-C/projectPPLSI4707-C/vendor/laravel/framework/src/Illuminate/Database/MySqlConnection.php:53)
[stacktrace]
#0 C:/Users/MSI GF63/Dokumen/GitHub/projectPPLSI4707-C/projectPPLSI4707-C/vendor/laravel/framework/src/Illuminate/Database/MySqlConnection.php(53): PDOStatement->execute()
#1 C:/Users/MSI GF63/Dokumen/GitHub/projectPPLSI4707-C/projectPPLSI4707-C/vendor/laravel/framework/src/Illuminate/Database/Connection.php(830): Illuminate/Database/MySqlConnection->Illuminate/Database/{closure}('insert into `us...', Array)
#2 C:/Users/MSI GF63/Dokumen/GitHub/projectPPLSI4707-C/projectPPLSI4707-C/vendor/laravel/framework/src/Illuminate/Database/Connection.php(797): Illuminate/Database/Connection->runQueryCallback('insert into `us...', Array, Object(Closure))
#3 C:/Users/MSI GF63/Dokumen/GitHub/projectPPLSI4707-C/projectPPLSI4707-C/vendor/laravel/framework/src/Illuminate/Database/MySqlConnection.php(42): Illuminate/Database/Connection->run('insert into `us...', Array, Object(Closure))
#4 C:/Users/MSI GF63/Dokumen/GitHub/projectPPLSI4707-C/projectPPLSI4707-C/vendor/laravel/framework/src/Illuminate/Database/Query/Processors/MySqlProcessor.php(35): Illuminate/Database/MySqlConnection->insert('insert into `us...', Array, 'id')
#5 C:/Users/MSI GF63/Dokumen/GitHub/projectPPLSI4707-C/projectPPLSI4707-C/vendor/laravel/framework/src/Illuminate/Database/Query/Builder.php(4246): Illuminate/Database/Query/Processors/MySqlProcessor->processInsertGetId(Object(Illuminate/Database/Query/Builder), 'insert into `us...', Array, 'id')
#6 C:/Users/MSI GF63/Dokumen/GitHub/projectPPLSI4707-C/projectPPLSI4707-C/vendor/laravel/framework/src/Illuminate/Database/Eloquent/Builder.php(2270): Illuminate/Database/Query/Builder->insertGetId(Array, 'id')
#7 C:/Users/MSI GF63/Dokumen/GitHub/projectPPLSI4707-C/projectPPLSI4707-C/vendor/laravel/framework/src/Illuminate/Database/Eloquent/Model.php(1650): Illuminate/Database/Eloquent/Builder->__call('insertGetId', Array)
#8 C:/Users/MSI GF63/Dokumen/GitHub/projectPPLSI4707-C/projectPPLSI4707-C/vendor/laravel/framework/src/Illuminate/Database/Eloquent/Model.php(1566): Illuminate/Database/Eloquent/Model->insertAndSetId(Object(Illuminate/Database/Eloquent/Builder), Array)
#9 C:/Users/MSI GF63/Dokumen/GitHub/projectPPLSI4707-C/projectPPLSI4707-C/vendor/laravel/framework/src/Illuminate/Database/Eloquent/Model.php(1370): Illuminate/Database/Eloquent/Model->performInsert(Object(Illuminate/Database/Eloquent/Builder))
#10 C:/Users/MSI GF63/Dokumen/GitHub/projectPPLSI4707-C/projectPPLSI4707-C/vendor/laravel/framework/src/Illuminate/Database/Eloquent/Builder.php(1224): Illuminate/Database/Eloquent/Model->save()
#11 C:/Users/MSI GF63/Dokumen/GitHub/projectPPLSI4707-C/projectPPLSI4707-C/vendor/laravel/framework/src/Illuminate/Support/helpers.php(393): Illuminate/Database/Eloquent/Builder->Illuminate/Database/Eloquent/{closure}(Object(App/Models/User))
#12 C:/Users/MSI GF63/Dokumen/GitHub/projectPPLSI4707-C/projectPPLSI4707-C/vendor/laravel/framework/src/Illuminate/Database/Eloquent/Builder.php(1223): tap(Object(App/Models/User), Object(Closure))
#13 C:/Users/MSI GF63/Dokumen/GitHub/projectPPLSI4707-C/projectPPLSI4707-C/vendor/laravel/framework/src/Illuminate/Support/Traits/ForwardsCalls.php(23): Illuminate/Database/Eloquent/Builder->create(Array)
#14 C:/Users/MSI GF63/Dokumen/GitHub/projectPPLSI4707-C/projectPPLSI4707-C/vendor/laravel/framework/src/Illuminate/Database/Eloquent/Model.php(2793): Illuminate/Database/Eloquent/Model->forwardCallTo(Object(Illuminate/Database/Eloquent/Builder), 'create', Array)
#15 C:/Users/MSI GF63/Dokumen/GitHub/projectPPLSI4707-C/projectPPLSI4707-C/vendor/laravel/framework/src/Illuminate/Database/Eloquent/Model.php(2809): Illuminate/Database/Eloquent/Model->__call('create', Array)
#16 C:/Users/MSI GF63/Dokumen/GitHub/projectPPLSI4707-C/projectPPLSI4707-C/database/seeders/DatabaseSeeder.php(16): Illuminate/Database/Eloquent/Model::__callStatic('create', Array)
#17 C:/Users/MSI GF63/Dokumen/GitHub/projectPPLSI4707-C/projectPPLSI4707-C/vendor/laravel/framework/src/Illuminate/Container/BoundMethod.php(36): Database/Seeders/DatabaseSeeder->run()
#18 C:/Users/MSI GF63/Dokumen/GitHub/projectPPLSI4707-C/projectPPLSI4707-C/vendor/laravel/framework/src/Illuminate/Container/Util.php(43): Illuminate/Container/BoundMethod::Illuminate/Container/{closure}()
#19 C:/Users/MSI GF63/Dokumen/GitHub/projectPPLSI4707-C/projectPPLSI4707-C/vendor/laravel/framework/src/Illuminate/Container/BoundMethod.php(96): Illuminate/Container/Util::unwrapIfClosure(Object(Closure))
#20 C:/Users/MSI GF63/Dokumen/GitHub/projectPPLSI4707-C/projectPPLSI4707-C/vendor/laravel/framework/src/Illuminate/Container/BoundMethod.php(35): Illuminate/Container/BoundMethod::callBoundMethod(Object(Illuminate/Foundation/Application), Array, Object(Closure))
#21 C:/Users/MSI GF63/Dokumen/GitHub/projectPPLSI4707-C/projectPPLSI4707-C/vendor/laravel/framework/src/Illuminate/Container/Container.php(799): Illuminate/Container/BoundMethod::call(Object(Illuminate/Foundation/Application), Array, Array, NULL)
#22 C:/Users/MSI GF63/Dokumen/GitHub/projectPPLSI4707-C/projectPPLSI4707-C/vendor/laravel/framework/src/Illuminate/Database/Seeder.php(184): Illuminate/Container/Container->call(Array, Array)
#23 C:/Users/MSI GF63/Dokumen/GitHub/projectPPLSI4707-C/projectPPLSI4707-C/vendor/laravel/framework/src/Illuminate/Database/Seeder.php(191): Illuminate/Database/Seeder->Illuminate/Database/{closure}()
#24 C:/Users/MSI GF63/Dokumen/GitHub/projectPPLSI4707-C/projectPPLSI4707-C/vendor/laravel/framework/src/Illuminate/Database/Console/Seeds/SeedCommand.php(71): Illuminate/Database/Seeder->__invoke()
#25 C:/Users/MSI GF63/Dokumen/GitHub/projectPPLSI4707-C/projectPPLSI4707-C/vendor/laravel/framework/src/Illuminate/Database/Eloquent/Concerns/GuardsAttributes.php(181): Illuminate/Database/Console/Seeds/SeedCommand->Illuminate/Database/Console/Seeds/{closure}()
#26 C:/Users/MSI GF63/Dokumen/GitHub/projectPPLSI4707-C/projectPPLSI4707-C/vendor/laravel/framework/src/Illuminate/Database/Console/Seeds/SeedCommand.php(70): Illuminate/Database/Eloquent/Model::unguarded(Object(Closure))
#27 C:/Users/MSI GF63/Dokumen/GitHub/projectPPLSI4707-C/projectPPLSI4707-C/vendor/laravel/framework/src/Illuminate/Container/BoundMethod.php(36): Illuminate/Database/Console/Seeds/SeedCommand->handle()
#28 C:/Users/MSI GF63/Dokumen/GitHub/projectPPLSI4707-C/projectPPLSI4707-C/vendor/laravel/framework/src/Illuminate/Container/Util.php(43): Illuminate/Container/BoundMethod::Illuminate/Container/{closure}()
#29 C:/Users/MSI GF63/Dokumen/GitHub/projectPPLSI4707-C/projectPPLSI4707-C/vendor/laravel/framework/src/Illuminate/Container/BoundMethod.php(96): Illuminate/Container/Util::unwrapIfClosure(Object(Closure))
#30 C:/Users/MSI GF63/Dokumen/GitHub/projectPPLSI4707-C/projectPPLSI4707-C/vendor/laravel/framework/src/Illuminate/Container/BoundMethod.php(35): Illuminate/Container/BoundMethod::callBoundMethod(Object(Illuminate/Foundation/Application), Array, Object(Closure))
#31 C:/Users/MSI GF63/Dokumen/GitHub/projectPPLSI4707-C/projectPPLSI4707-C/vendor/laravel/framework/src/Illuminate/Container/Container.php(799): Illuminate/Container/BoundMethod::call(Object(Illuminate/Foundation/Application), Array, Array, NULL)
#32 C:/Users/MSI GF63/Dokumen/GitHub/projectPPLSI4707-C/projectPPLSI4707-C/vendor/laravel/framework/src/Illuminate/Console/Command.php(280): Illuminate/Container/Container->call(Array)
#33 C:/Users/MSI GF63/Dokumen/GitHub/projectPPLSI4707-C/projectPPLSI4707-C/vendor/symfony/console/Command/Command.php(341): Illuminate/Console/Command->execute(Object(Symfony/Component/Console/Input/ArrayInput), Object(Illuminate/Console/OutputStyle))
#34 C:/Users/MSI GF63/Dokumen/GitHub/projectPPLSI4707-C/projectPPLSI4707-C/vendor/laravel/framework/src/Illuminate/Console/Command.php(249): Symfony/Component/Console/Command/Command->run(Object(Symfony/Component/Console/Input/ArrayInput), Object(Illuminate/Console/OutputStyle))
#35 C:/Users/MSI GF63/Dokumen/GitHub/projectPPLSI4707-C/projectPPLSI4707-C/vendor/laravel/framework/src/Illuminate/Console/Concerns/CallsCommands.php(68): Illuminate/Console/Command->run(Object(Symfony/Component/Console/Input/ArrayInput), Object(Illuminate/Console/OutputStyle))
#36 C:/Users/MSI GF63/Dokumen/GitHub/projectPPLSI4707-C/projectPPLSI4707-C/vendor/laravel/framework/src/Illuminate/Console/Concerns/CallsCommands.php(29): Illuminate/Console/Command->runCommand('db:seed', Array, Object(Illuminate/Console/OutputStyle))
#37 C:/Users/MSI GF63/Dokumen/GitHub/projectPPLSI4707-C/projectPPLSI4707-C/vendor/laravel/framework/src/Illuminate/Database/Console/Migrations/MigrateCommand.php(127): Illuminate/Console/Command->call('db:seed', Array)
#38 C:/Users/MSI GF63/Dokumen/GitHub/projectPPLSI4707-C/projectPPLSI4707-C/vendor/laravel/framework/src/Illuminate/Database/Migrations/Migrator.php(671): Illuminate/Database/Console/Migrations/MigrateCommand->Illuminate/Database/Console/Migrations/{closure}()
#39 C:/Users/MSI GF63/Dokumen/GitHub/projectPPLSI4707-C/projectPPLSI4707-C/vendor/laravel/framework/src/Illuminate/Database/Console/Migrations/MigrateCommand.php(111): Illuminate/Database/Migrations/Migrator->usingConnection(NULL, Object(Closure))
#40 C:/Users/MSI GF63/Dokumen/GitHub/projectPPLSI4707-C/projectPPLSI4707-C/vendor/laravel/framework/src/Illuminate/Database/Console/Migrations/MigrateCommand.php(90): Illuminate/Database/Console/Migrations/MigrateCommand->runMigrations()
#41 C:/Users/MSI GF63/Dokumen/GitHub/projectPPLSI4707-C/projectPPLSI4707-C/vendor/laravel/framework/src/Illuminate/Container/BoundMethod.php(36): Illuminate/Database/Console/Migrations/MigrateCommand->handle()
#42 C:/Users/MSI GF63/Dokumen/GitHub/projectPPLSI4707-C/projectPPLSI4707-C/vendor/laravel/framework/src/Illuminate/Container/Util.php(43): Illuminate/Container/BoundMethod::Illuminate/Container/{closure}()
#43 C:/Users/MSI GF63/Dokumen/GitHub/projectPPLSI4707-C/projectPPLSI4707-C/vendor/laravel/framework/src/Illuminate/Container/BoundMethod.php(96): Illuminate/Container/Util::unwrapIfClosure(Object(Closure))
#44 C:/Users/MSI GF63/Dokumen/GitHub/projectPPLSI4707-C/projectPPLSI4707-C/vendor/laravel/framework/src/Illuminate/Container/BoundMethod.php(35): Illuminate/Container/BoundMethod::callBoundMethod(Object(Illuminate/Foundation/Application), Array, Object(Closure))
#45 C:/Users/MSI GF63/Dokumen/GitHub/projectPPLSI4707-C/projectPPLSI4707-C/vendor/laravel/framework/src/Illuminate/Container/Container.php(799): Illuminate/Container/BoundMethod::call(Object(Illuminate/Foundation/Application), Array, Array, NULL)
#46 C:/Users/MSI GF63/Dokumen/GitHub/projectPPLSI4707-C/projectPPLSI4707-C/vendor/laravel/framework/src/Illuminate/Console/Command.php(280): Illuminate/Container/Container->call(Array)
#47 C:/Users/MSI GF63/Dokumen/GitHub/projectPPLSI4707-C/projectPPLSI4707-C/vendor/symfony/console/Command/Command.php(341): Illuminate/Console/Command->execute(Object(Symfony/Component/Console/Input/ArgvInput), Object(Illuminate/Console/OutputStyle))
#48 C:/Users/MSI GF63/Dokumen/GitHub/projectPPLSI4707-C/projectPPLSI4707-C/vendor/laravel/framework/src/Illuminate/Console/Command.php(249): Symfony/Component/Console/Command/Command->run(Object(Symfony/Component/Console/Input/ArgvInput), Object(Illuminate/Console/OutputStyle))
#49 C:/Users/MSI GF63/Dokumen/GitHub/projectPPLSI4707-C/projectPPLSI4707-C/vendor/symfony/console/Application.php(1117): Illuminate/Console/Command->run(Object(Symfony/Component/Console/Input/ArgvInput), Object(Symfony/Component/Console/Output/ConsoleOutput))
#50 C:/Users/MSI GF63/Dokumen/GitHub/projectPPLSI4707-C/projectPPLSI4707-C/vendor/symfony/console/Application.php(356): Symfony/Component/Console/Application->doRunCommand(Object(Illuminate/Database/Console/Migrations/MigrateCommand), Object(Symfony/Component/Console/Input/ArgvInput), Object(Symfony/Component/Console/Output/ConsoleOutput))
#51 C:/Users/MSI GF63/Dokumen/GitHub/projectPPLSI4707-C/projectPPLSI4707-C/vendor/symfony/console/Application.php(195): Symfony/Component/Console/Application->doRun(Object(Symfony/Component/Console/Input/ArgvInput), Object(Symfony/Component/Console/Output/ConsoleOutput))
#52 C:/Users/MSI GF63/Dokumen/GitHub/projectPPLSI4707-C/projectPPLSI4707-C/vendor/laravel/framework/src/Illuminate/Foundation/Console/Kernel.php(198): Symfony/Component/Console/Application->run(Object(Symfony/Component/Console/Input/ArgvInput), Object(Symfony/Component/Console/Output/ConsoleOutput))
#53 C:/Users/MSI GF63/Dokumen/GitHub/projectPPLSI4707-C/projectPPLSI4707-C/vendor/laravel/framework/src/Illuminate/Foundation/Application.php(1235): Illuminate/Foundation/Console/Kernel->handle(Object(Symfony/Component/Console/Input/ArgvInput), Object(Symfony/Component/Console/Output/ConsoleOutput))
#54 C:/Users/MSI GF63/Dokumen/GitHub/projectPPLSI4707-C/projectPPLSI4707-C/artisan(16): Illuminate/Foundation/Application->handleCommand(Object(Symfony/Component/Console/Input/ArgvInput))
#55 {main}
"} 
