[2026-04-19 08:29:20] local.ERROR: Database file at path [skoter] does not exist. Ensure this is an absolute path to the database. (Connection: sqlite, Database: skoter, SQL: select exists (select 1 from "main".sqlite_master where name = 'migrations' and type = 'table') as "exists") {"exception":"[object] (Illuminate\\Database\\QueryException(code: 0): Database file at path [skoter] does not exist. Ensure this is an absolute path to the database. (Connection: sqlite, Database: skoter, SQL: select exists (select 1 from \"main\".sqlite_master where name = 'migrations' and type = 'table') as \"exists\") at D:/PPLSI4707-C/projectPPLSI4707-C/PPLSI4707-C/vendor/laravel/framework/src/Illuminate/Database/Connection.php:841)
[stacktrace]
#0 D:/PPLSI4707-C/projectPPLSI4707-C/PPLSI4707-C/vendor/laravel/framework/src/Illuminate/Database/Connection.php(797): Illuminate/Database/Connection->runQueryCallback('select exists (...', Array, Object(Closure))
#1 D:/PPLSI4707-C/projectPPLSI4707-C/PPLSI4707-C/vendor/laravel/framework/src/Illuminate/Database/Connection.php(412): Illuminate/Database/Connection->run('select exists (...', Array, Object(Closure))
#2 D:/PPLSI4707-C/projectPPLSI4707-C/PPLSI4707-C/vendor/laravel/framework/src/Illuminate/Database/Connection.php(357): Illuminate/Database/Connection->select('select exists (...', Array, true)
#3 D:/PPLSI4707-C/projectPPLSI4707-C/PPLSI4707-C/vendor/laravel/framework/src/Illuminate/Database/Connection.php(374): Illuminate/Database/Connection->selectOne('select exists (...', Array, true)
#4 D:/PPLSI4707-C/projectPPLSI4707-C/PPLSI4707-C/vendor/laravel/framework/src/Illuminate/Database/Schema/Builder.php(176): Illuminate/Database/Connection->scalar('select exists (...')
#5 D:/PPLSI4707-C/projectPPLSI4707-C/PPLSI4707-C/vendor/laravel/framework/src/Illuminate/Database/Migrations/DatabaseMigrationRepository.php(185): Illuminate/Database/Schema/Builder->hasTable('migrations')
#6 D:/PPLSI4707-C/projectPPLSI4707-C/PPLSI4707-C/vendor/laravel/framework/src/Illuminate/Database/Migrations/Migrator.php(758): Illuminate/Database/Migrations/DatabaseMigrationRepository->repositoryExists()
#7 D:/PPLSI4707-C/projectPPLSI4707-C/PPLSI4707-C/vendor/laravel/framework/src/Illuminate/Database/Console/Migrations/MigrateCommand.php(166): Illuminate/Database/Migrations/Migrator->repositoryExists()
#8 D:/PPLSI4707-C/projectPPLSI4707-C/PPLSI4707-C/vendor/laravel/framework/src/Illuminate/Support/helpers.php(328): Illuminate/Database/Console/Migrations/MigrateCommand->Illuminate/Database/Console/Migrations/{closure}(1)
#9 D:/PPLSI4707-C/projectPPLSI4707-C/PPLSI4707-C/vendor/laravel/framework/src/Illuminate/Database/Console/Migrations/MigrateCommand.php(166): retry(1, Object(Closure), 0, Object(Closure))
#10 D:/PPLSI4707-C/projectPPLSI4707-C/PPLSI4707-C/vendor/laravel/framework/src/Illuminate/Database/Console/Migrations/MigrateCommand.php(142): Illuminate/Database/Console/Migrations/MigrateCommand->repositoryExists()
#11 D:/PPLSI4707-C/projectPPLSI4707-C/PPLSI4707-C/vendor/laravel/framework/src/Illuminate/Database/Console/Migrations/MigrateCommand.php(112): Illuminate/Database/Console/Migrations/MigrateCommand->prepareDatabase()
#12 D:/PPLSI4707-C/projectPPLSI4707-C/PPLSI4707-C/vendor/laravel/framework/src/Illuminate/Database/Migrations/Migrator.php(671): Illuminate/Database/Console/Migrations/MigrateCommand->Illuminate/Database/Console/Migrations/{closure}()
#13 D:/PPLSI4707-C/projectPPLSI4707-C/PPLSI4707-C/vendor/laravel/framework/src/Illuminate/Database/Console/Migrations/MigrateCommand.php(111): Illuminate/Database/Migrations/Migrator->usingConnection(NULL, Object(Closure))
#14 D:/PPLSI4707-C/projectPPLSI4707-C/PPLSI4707-C/vendor/laravel/framework/src/Illuminate/Database/Console/Migrations/MigrateCommand.php(90): Illuminate/Database/Console/Migrations/MigrateCommand->runMigrations()
#15 D:/PPLSI4707-C/projectPPLSI4707-C/PPLSI4707-C/vendor/laravel/framework/src/Illuminate/Container/BoundMethod.php(36): Illuminate/Database/Console/Migrations/MigrateCommand->handle()
#16 D:/PPLSI4707-C/projectPPLSI4707-C/PPLSI4707-C/vendor/laravel/framework/src/Illuminate/Container/Util.php(43): Illuminate/Container/BoundMethod::Illuminate/Container/{closure}()
#17 D:/PPLSI4707-C/projectPPLSI4707-C/PPLSI4707-C/vendor/laravel/framework/src/Illuminate/Container/BoundMethod.php(96): Illuminate/Container/Util::unwrapIfClosure(Object(Closure))
#18 D:/PPLSI4707-C/projectPPLSI4707-C/PPLSI4707-C/vendor/laravel/framework/src/Illuminate/Container/BoundMethod.php(35): Illuminate/Container/BoundMethod::callBoundMethod(Object(Illuminate/Foundation/Application), Array, Object(Closure))
#19 D:/PPLSI4707-C/projectPPLSI4707-C/PPLSI4707-C/vendor/laravel/framework/src/Illuminate/Container/Container.php(799): Illuminate/Container/BoundMethod::call(Object(Illuminate/Foundation/Application), Array, Array, NULL)
#20 D:/PPLSI4707-C/projectPPLSI4707-C/PPLSI4707-C/vendor/laravel/framework/src/Illuminate/Console/Command.php(280): Illuminate/Container/Container->call(Array)
#21 D:/PPLSI4707-C/projectPPLSI4707-C/PPLSI4707-C/vendor/symfony/console/Command/Command.php(341): Illuminate/Console/Command->execute(Object(Symfony/Component/Console/Input/ArgvInput), Object(Illuminate/Console/OutputStyle))
#22 D:/PPLSI4707-C/projectPPLSI4707-C/PPLSI4707-C/vendor/laravel/framework/src/Illuminate/Console/Command.php(249): Symfony/Component/Console/Command/Command->run(Object(Symfony/Component/Console/Input/ArgvInput), Object(Illuminate/Console/OutputStyle))
#23 D:/PPLSI4707-C/projectPPLSI4707-C/PPLSI4707-C/vendor/symfony/console/Application.php(1117): Illuminate/Console/Command->run(Object(Symfony/Component/Console/Input/ArgvInput), Object(Symfony/Component/Console/Output/ConsoleOutput))
#24 D:/PPLSI4707-C/projectPPLSI4707-C/PPLSI4707-C/vendor/symfony/console/Application.php(356): Symfony/Component/Console/Application->doRunCommand(Object(Illuminate/Database/Console/Migrations/MigrateCommand), Object(Symfony/Component/Console/Input/ArgvInput), Object(Symfony/Component/Console/Output/ConsoleOutput))
#25 D:/PPLSI4707-C/projectPPLSI4707-C/PPLSI4707-C/vendor/symfony/console/Application.php(195): Symfony/Component/Console/Application->doRun(Object(Symfony/Component/Console/Input/ArgvInput), Object(Symfony/Component/Console/Output/ConsoleOutput))
#26 D:/PPLSI4707-C/projectPPLSI4707-C/PPLSI4707-C/vendor/laravel/framework/src/Illuminate/Foundation/Console/Kernel.php(198): Symfony/Component/Console/Application->run(Object(Symfony/Component/Console/Input/ArgvInput), Object(Symfony/Component/Console/Output/ConsoleOutput))
#27 D:/PPLSI4707-C/projectPPLSI4707-C/PPLSI4707-C/vendor/laravel/framework/src/Illuminate/Foundation/Application.php(1235): Illuminate/Foundation/Console/Kernel->handle(Object(Symfony/Component/Console/Input/ArgvInput), Object(Symfony/Component/Console/Output/ConsoleOutput))
#28 D:/PPLSI4707-C/projectPPLSI4707-C/PPLSI4707-C/artisan(16): Illuminate/Foundation/Application->handleCommand(Object(Symfony/Component/Console/Input/ArgvInput))
#29 {main}

[previous exception] [object] (Illuminate\\Database\\SQLiteDatabaseDoesNotExistException(code: 0): Database file at path [skoter] does not exist. Ensure this is an absolute path to the database. at D:/PPLSI4707-C/projectPPLSI4707-C/PPLSI4707-C/vendor/laravel/framework/src/Illuminate/Database/Connectors/SQLiteConnector.php:60)
[stacktrace]
#0 D:/PPLSI4707-C/projectPPLSI4707-C/PPLSI4707-C/vendor/laravel/framework/src/Illuminate/Database/Connectors/SQLiteConnector.php(19): Illuminate/Database/Connectors/SQLiteConnector->parseDatabasePath(false)
#1 D:/PPLSI4707-C/projectPPLSI4707-C/PPLSI4707-C/vendor/laravel/framework/src/Illuminate/Database/Connectors/ConnectionFactory.php(225): Illuminate/Database/Connectors/SQLiteConnector->connect(Array)
#2 [internal function]: Illuminate/Database/Connectors/ConnectionFactory->Illuminate/Database/Connectors/{closure}()
#3 D:/PPLSI4707-C/projectPPLSI4707-C/PPLSI4707-C/vendor/laravel/framework/src/Illuminate/Database/Connection.php(1279): call_user_func(Object(Closure))
#4 D:/PPLSI4707-C/projectPPLSI4707-C/PPLSI4707-C/vendor/laravel/framework/src/Illuminate/Database/Connection.php(1317): Illuminate/Database/Connection->getPdo()
#5 D:/PPLSI4707-C/projectPPLSI4707-C/PPLSI4707-C/vendor/laravel/framework/src/Illuminate/Database/Connection.php(528): Illuminate/Database/Connection->getReadPdo()
#6 D:/PPLSI4707-C/projectPPLSI4707-C/PPLSI4707-C/vendor/laravel/framework/src/Illuminate/Database/Connection.php(421): Illuminate/Database/Connection->getPdoForSelect(true)
#7 D:/PPLSI4707-C/projectPPLSI4707-C/PPLSI4707-C/vendor/laravel/framework/src/Illuminate/Database/Connection.php(830): Illuminate/Database/Connection->Illuminate/Database/{closure}('select exists (...', Array)
#8 D:/PPLSI4707-C/projectPPLSI4707-C/PPLSI4707-C/vendor/laravel/framework/src/Illuminate/Database/Connection.php(797): Illuminate/Database/Connection->runQueryCallback('select exists (...', Array, Object(Closure))
#9 D:/PPLSI4707-C/projectPPLSI4707-C/PPLSI4707-C/vendor/laravel/framework/src/Illuminate/Database/Connection.php(412): Illuminate/Database/Connection->run('select exists (...', Array, Object(Closure))
#10 D:/PPLSI4707-C/projectPPLSI4707-C/PPLSI4707-C/vendor/laravel/framework/src/Illuminate/Database/Connection.php(357): Illuminate/Database/Connection->select('select exists (...', Array, true)
#11 D:/PPLSI4707-C/projectPPLSI4707-C/PPLSI4707-C/vendor/laravel/framework/src/Illuminate/Database/Connection.php(374): Illuminate/Database/Connection->selectOne('select exists (...', Array, true)
#12 D:/PPLSI4707-C/projectPPLSI4707-C/PPLSI4707-C/vendor/laravel/framework/src/Illuminate/Database/Schema/Builder.php(176): Illuminate/Database/Connection->scalar('select exists (...')
#13 D:/PPLSI4707-C/projectPPLSI4707-C/PPLSI4707-C/vendor/laravel/framework/src/Illuminate/Database/Migrations/DatabaseMigrationRepository.php(185): Illuminate/Database/Schema/Builder->hasTable('migrations')
#14 D:/PPLSI4707-C/projectPPLSI4707-C/PPLSI4707-C/vendor/laravel/framework/src/Illuminate/Database/Migrations/Migrator.php(758): Illuminate/Database/Migrations/DatabaseMigrationRepository->repositoryExists()
#15 D:/PPLSI4707-C/projectPPLSI4707-C/PPLSI4707-C/vendor/laravel/framework/src/Illuminate/Database/Console/Migrations/MigrateCommand.php(166): Illuminate/Database/Migrations/Migrator->repositoryExists()
#16 D:/PPLSI4707-C/projectPPLSI4707-C/PPLSI4707-C/vendor/laravel/framework/src/Illuminate/Support/helpers.php(328): Illuminate/Database/Console/Migrations/MigrateCommand->Illuminate/Database/Console/Migrations/{closure}(1)
#17 D:/PPLSI4707-C/projectPPLSI4707-C/PPLSI4707-C/vendor/laravel/framework/src/Illuminate/Database/Console/Migrations/MigrateCommand.php(166): retry(1, Object(Closure), 0, Object(Closure))
#18 D:/PPLSI4707-C/projectPPLSI4707-C/PPLSI4707-C/vendor/laravel/framework/src/Illuminate/Database/Console/Migrations/MigrateCommand.php(142): Illuminate/Database/Console/Migrations/MigrateCommand->repositoryExists()
#19 D:/PPLSI4707-C/projectPPLSI4707-C/PPLSI4707-C/vendor/laravel/framework/src/Illuminate/Database/Console/Migrations/MigrateCommand.php(112): Illuminate/Database/Console/Migrations/MigrateCommand->prepareDatabase()
#20 D:/PPLSI4707-C/projectPPLSI4707-C/PPLSI4707-C/vendor/laravel/framework/src/Illuminate/Database/Migrations/Migrator.php(671): Illuminate/Database/Console/Migrations/MigrateCommand->Illuminate/Database/Console/Migrations/{closure}()
#21 D:/PPLSI4707-C/projectPPLSI4707-C/PPLSI4707-C/vendor/laravel/framework/src/Illuminate/Database/Console/Migrations/MigrateCommand.php(111): Illuminate/Database/Migrations/Migrator->usingConnection(NULL, Object(Closure))
#22 D:/PPLSI4707-C/projectPPLSI4707-C/PPLSI4707-C/vendor/laravel/framework/src/Illuminate/Database/Console/Migrations/MigrateCommand.php(90): Illuminate/Database/Console/Migrations/MigrateCommand->runMigrations()
#23 D:/PPLSI4707-C/projectPPLSI4707-C/PPLSI4707-C/vendor/laravel/framework/src/Illuminate/Container/BoundMethod.php(36): Illuminate/Database/Console/Migrations/MigrateCommand->handle()
#24 D:/PPLSI4707-C/projectPPLSI4707-C/PPLSI4707-C/vendor/laravel/framework/src/Illuminate/Container/Util.php(43): Illuminate/Container/BoundMethod::Illuminate/Container/{closure}()
#25 D:/PPLSI4707-C/projectPPLSI4707-C/PPLSI4707-C/vendor/laravel/framework/src/Illuminate/Container/BoundMethod.php(96): Illuminate/Container/Util::unwrapIfClosure(Object(Closure))
#26 D:/PPLSI4707-C/projectPPLSI4707-C/PPLSI4707-C/vendor/laravel/framework/src/Illuminate/Container/BoundMethod.php(35): Illuminate/Container/BoundMethod::callBoundMethod(Object(Illuminate/Foundation/Application), Array, Object(Closure))
#27 D:/PPLSI4707-C/projectPPLSI4707-C/PPLSI4707-C/vendor/laravel/framework/src/Illuminate/Container/Container.php(799): Illuminate/Container/BoundMethod::call(Object(Illuminate/Foundation/Application), Array, Array, NULL)
#28 D:/PPLSI4707-C/projectPPLSI4707-C/PPLSI4707-C/vendor/laravel/framework/src/Illuminate/Console/Command.php(280): Illuminate/Container/Container->call(Array)
#29 D:/PPLSI4707-C/projectPPLSI4707-C/PPLSI4707-C/vendor/symfony/console/Command/Command.php(341): Illuminate/Console/Command->execute(Object(Symfony/Component/Console/Input/ArgvInput), Object(Illuminate/Console/OutputStyle))
#30 D:/PPLSI4707-C/projectPPLSI4707-C/PPLSI4707-C/vendor/laravel/framework/src/Illuminate/Console/Command.php(249): Symfony/Component/Console/Command/Command->run(Object(Symfony/Component/Console/Input/ArgvInput), Object(Illuminate/Console/OutputStyle))
#31 D:/PPLSI4707-C/projectPPLSI4707-C/PPLSI4707-C/vendor/symfony/console/Application.php(1117): Illuminate/Console/Command->run(Object(Symfony/Component/Console/Input/ArgvInput), Object(Symfony/Component/Console/Output/ConsoleOutput))
#32 D:/PPLSI4707-C/projectPPLSI4707-C/PPLSI4707-C/vendor/symfony/console/Application.php(356): Symfony/Component/Console/Application->doRunCommand(Object(Illuminate/Database/Console/Migrations/MigrateCommand), Object(Symfony/Component/Console/Input/ArgvInput), Object(Symfony/Component/Console/Output/ConsoleOutput))
#33 D:/PPLSI4707-C/projectPPLSI4707-C/PPLSI4707-C/vendor/symfony/console/Application.php(195): Symfony/Component/Console/Application->doRun(Object(Symfony/Component/Console/Input/ArgvInput), Object(Symfony/Component/Console/Output/ConsoleOutput))
#34 D:/PPLSI4707-C/projectPPLSI4707-C/PPLSI4707-C/vendor/laravel/framework/src/Illuminate/Foundation/Console/Kernel.php(198): Symfony/Component/Console/Application->run(Object(Symfony/Component/Console/Input/ArgvInput), Object(Symfony/Component/Console/Output/ConsoleOutput))
#35 D:/PPLSI4707-C/projectPPLSI4707-C/PPLSI4707-C/vendor/laravel/framework/src/Illuminate/Foundation/Application.php(1235): Illuminate/Foundation/Console/Kernel->handle(Object(Symfony/Component/Console/Input/ArgvInput), Object(Symfony/Component/Console/Output/ConsoleOutput))
#36 D:/PPLSI4707-C/projectPPLSI4707-C/PPLSI4707-C/artisan(16): Illuminate/Foundation/Application->handleCommand(Object(Symfony/Component/Console/Input/ArgvInput))
#37 {main}
"} 
[2026-04-23 15:10:37] local.ERROR: The D:\PPLSI4707-C\projectPPLSI4707-C\PPLSI4707-C\bootstrap\cache directory must be present and writable. {"exception":"[object] (Exception(code: 0): The D:\\PPLSI4707-C\\projectPPLSI4707-C\\PPLSI4707-C\\bootstrap\\cache directory must be present and writable. at D:/PPLSI4707-C/projectPPLSI4707-C/PPLSI4707-C/vendor/laravel/framework/src/Illuminate/Foundation/PackageManifest.php:179)
[stacktrace]
#0 D:/PPLSI4707-C/projectPPLSI4707-C/PPLSI4707-C/vendor/laravel/framework/src/Illuminate/Foundation/PackageManifest.php(132): Illuminate/Foundation/PackageManifest->write(Array)
#1 D:/PPLSI4707-C/projectPPLSI4707-C/PPLSI4707-C/vendor/laravel/framework/src/Illuminate/Foundation/PackageManifest.php(108): Illuminate/Foundation/PackageManifest->build()
#2 D:/PPLSI4707-C/projectPPLSI4707-C/PPLSI4707-C/vendor/laravel/framework/src/Illuminate/Foundation/PackageManifest.php(90): Illuminate/Foundation/PackageManifest->getManifest()
#3 D:/PPLSI4707-C/projectPPLSI4707-C/PPLSI4707-C/vendor/laravel/framework/src/Illuminate/Foundation/PackageManifest.php(79): Illuminate/Foundation/PackageManifest->config('aliases')
#4 D:/PPLSI4707-C/projectPPLSI4707-C/PPLSI4707-C/vendor/laravel/framework/src/Illuminate/Foundation/Bootstrap/RegisterFacades.php(26): Illuminate/Foundation/PackageManifest->aliases()
#5 D:/PPLSI4707-C/projectPPLSI4707-C/PPLSI4707-C/vendor/laravel/framework/src/Illuminate/Foundation/Application.php(342): Illuminate/Foundation/Bootstrap/RegisterFacades->bootstrap(Object(Illuminate/Foundation/Application))
#6 D:/PPLSI4707-C/projectPPLSI4707-C/PPLSI4707-C/vendor/laravel/framework/src/Illuminate/Foundation/Console/Kernel.php(494): Illuminate/Foundation/Application->bootstrapWith(Array)
#7 D:/PPLSI4707-C/projectPPLSI4707-C/PPLSI4707-C/vendor/laravel/framework/src/Illuminate/Foundation/Console/Kernel.php(196): Illuminate/Foundation/Console/Kernel->bootstrap()
#8 D:/PPLSI4707-C/projectPPLSI4707-C/PPLSI4707-C/vendor/laravel/framework/src/Illuminate/Foundation/Application.php(1235): Illuminate/Foundation/Console/Kernel->handle(Object(Symfony/Component/Console/Input/ArgvInput), Object(Symfony/Component/Console/Output/ConsoleOutput))
#9 D:/PPLSI4707-C/projectPPLSI4707-C/PPLSI4707-C/artisan(16): Illuminate/Foundation/Application->handleCommand(Object(Symfony/Component/Console/Input/ArgvInput))
#10 {main}
"} 
[2026-04-23 15:19:07] local.ERROR: Route [login] not defined. (View: D:\PPLSI4707-C\projectPPLSI4707-C\PPLSI4707-C\resources\views\auth\register.blade.php) {"exception":"[object] (Illuminate\\View\\ViewException(code: 0): Route [login] not defined. (View: D:\\PPLSI4707-C\\projectPPLSI4707-C\\PPLSI4707-C\\resources\\views\\auth\\register.blade.php) at D:/PPLSI4707-C/projectPPLSI4707-C/PPLSI4707-C/vendor/laravel/framework/src/Illuminate/Routing/UrlGenerator.php:536)
[stacktrace]
#0 D:/PPLSI4707-C/projectPPLSI4707-C/PPLSI4707-C/vendor/laravel/framework/src/Illuminate/View/Engines/PhpEngine.php(59): Illuminate/View/Engines/CompilerEngine->handleViewException(Object(Symfony/Component/Routing/Exception/RouteNotFoundException), 1)
#1 D:/PPLSI4707-C/projectPPLSI4707-C/PPLSI4707-C/vendor/laravel/framework/src/Illuminate/View/Engines/CompilerEngine.php(76): Illuminate/View/Engines/PhpEngine->evaluatePath('D://PPLSI4707-C//...', Array)
#2 D:/PPLSI4707-C/projectPPLSI4707-C/PPLSI4707-C/vendor/laravel/framework/src/Illuminate/View/View.php(208): Illuminate/View/Engines/CompilerEngine->get('D://PPLSI4707-C//...', Array)
#3 D:/PPLSI4707-C/projectPPLSI4707-C/PPLSI4707-C/vendor/laravel/framework/src/Illuminate/View/View.php(191): Illuminate/View/View->getContents()
#4 D:/PPLSI4707-C/projectPPLSI4707-C/PPLSI4707-C/vendor/laravel/framework/src/Illuminate/View/View.php(160): Illuminate/View/View->renderContents()
#5 D:/PPLSI4707-C/projectPPLSI4707-C/PPLSI4707-C/vendor/laravel/framework/src/Illuminate/Http/Response.php(78): Illuminate/View/View->render()
#6 D:/PPLSI4707-C/projectPPLSI4707-C/PPLSI4707-C/vendor/laravel/framework/src/Illuminate/Http/Response.php(34): Illuminate/Http/Response->setContent(Object(Illuminate/View/View))
#7 D:/PPLSI4707-C/projectPPLSI4707-C/PPLSI4707-C/vendor/laravel/framework/src/Illuminate/Routing/Router.php(939): Illuminate/Http/Response->__construct(Object(Illuminate/View/View), 200, Array)
#8 D:/PPLSI4707-C/projectPPLSI4707-C/PPLSI4707-C/vendor/laravel/framework/src/Illuminate/Routing/Router.php(906): Illuminate/Routing/Router::toResponse(Object(Illuminate/Http/Request), Object(Illuminate/View/View))
#9 D:/PPLSI4707-C/projectPPLSI4707-C/PPLSI4707-C/vendor/laravel/framework/src/Illuminate/Routing/Router.php(821): Illuminate/Routing/Router->prepareResponse(Object(Illuminate/Http/Request), Object(Illuminate/View/View))
#10 D:/PPLSI4707-C/projectPPLSI4707-C/PPLSI4707-C/vendor/laravel/framework/src/Illuminate/Pipeline/Pipeline.php(180): Illuminate/Routing/Router->Illuminate/Routing/{closure}(Object(Illuminate/Http/Request))
#11 D:/PPLSI4707-C/projectPPLSI4707-C/PPLSI4707-C/vendor/laravel/framework/src/Illuminate/Auth/Middleware/RedirectIfAuthenticated.php(47): Illuminate/Pipeline/Pipeline->Illuminate/Pipeline/{closure}(Object(Illuminate/Http/Request))
#12 D:/PPLSI4707-C/projectPPLSI4707-C/PPLSI4707-C/vendor/laravel/framework/src/Illuminate/Pipeline/Pipeline.php(219): Illuminate/Auth/Middleware/RedirectIfAuthenticated->handle(Object(Illuminate/Http/Request), Object(Closure))
#13 D:/PPLSI4707-C/projectPPLSI4707-C/PPLSI4707-C/vendor/laravel/framework/src/Illuminate/Routing/Middleware/SubstituteBindings.php(52): Illuminate/Pipeline/Pipeline->Illuminate/Pipeline/{closure}(Object(Illuminate/Http/Request))
#14 D:/PPLSI4707-C/projectPPLSI4707-C/PPLSI4707-C/vendor/laravel/framework/src/Illuminate/Pipeline/Pipeline.php(219): Illuminate/Routing/Middleware/SubstituteBindings->handle(Object(Illuminate/Http/Request), Object(Closure))
#15 D:/PPLSI4707-C/projectPPLSI4707-C/PPLSI4707-C/vendor/laravel/framework/src/Illuminate/Foundation/Http/Middleware/PreventRequestForgery.php(104): Illuminate/Pipeline/Pipeline->Illuminate/Pipeline/{closure}(Object(Illuminate/Http/Request))
#16 D:/PPLSI4707-C/projectPPLSI4707-C/PPLSI4707-C/vendor/laravel/framework/src/Illuminate/Pipeline/Pipeline.php(219): Illuminate/Foundation/Http/Middleware/PreventRequestForgery->handle(Object(Illuminate/Http/Request), Object(Closure))
#17 D:/PPLSI4707-C/projectPPLSI4707-C/PPLSI4707-C/vendor/laravel/framework/src/Illuminate/View/Middleware/ShareErrorsFromSession.php(48): Illuminate/Pipeline/Pipeline->Illuminate/Pipeline/{closure}(Object(Illuminate/Http/Request))
#18 D:/PPLSI4707-C/projectPPLSI4707-C/PPLSI4707-C/vendor/laravel/framework/src/Illuminate/Pipeline/Pipeline.php(219): Illuminate/View/Middleware/ShareErrorsFromSession->handle(Object(Illuminate/Http/Request), Object(Closure))
#19 D:/PPLSI4707-C/projectPPLSI4707-C/PPLSI4707-C/vendor/laravel/framework/src/Illuminate/Session/Middleware/StartSession.php(120): Illuminate/Pipeline/Pipeline->Illuminate/Pipeline/{closure}(Object(Illuminate/Http/Request))
#20 D:/PPLSI4707-C/projectPPLSI4707-C/PPLSI4707-C/vendor/laravel/framework/src/Illuminate/Session/Middleware/StartSession.php(63): Illuminate/Session/Middleware/StartSession->handleStatefulRequest(Object(Illuminate/Http/Request), Object(Illuminate/Session/Store), Object(Closure))
#21 D:/PPLSI4707-C/projectPPLSI4707-C/PPLSI4707-C/vendor/laravel/framework/src/Illuminate/Pipeline/Pipeline.php(219): Illuminate/Session/Middleware/StartSession->handle(Object(Illuminate/Http/Request), Object(Closure))
#22 D:/PPLSI4707-C/projectPPLSI4707-C/PPLSI4707-C/vendor/laravel/framework/src/Illuminate/Cookie/Middleware/AddQueuedCookiesToResponse.php(36): Illuminate/Pipeline/Pipeline->Illuminate/Pipeline/{closure}(Object(Illuminate/Http/Request))
#23 D:/PPLSI4707-C/projectPPLSI4707-C/PPLSI4707-C/vendor/laravel/framework/src/Illuminate/Pipeline/Pipeline.php(219): Illuminate/Cookie/Middleware/AddQueuedCookiesToResponse->handle(Object(Illuminate/Http/Request), Object(Closure))
#24 D:/PPLSI4707-C/projectPPLSI4707-C/PPLSI4707-C/vendor/laravel/framework/src/Illuminate/Cookie/Middleware/EncryptCookies.php(74): Illuminate/Pipeline/Pipeline->Illuminate/Pipeline/{closure}(Object(Illuminate/Http/Request))
#25 D:/PPLSI4707-C/projectPPLSI4707-C/PPLSI4707-C/vendor/laravel/framework/src/Illuminate/Pipeline/Pipeline.php(219): Illuminate/Cookie/Middleware/EncryptCookies->handle(Object(Illuminate/Http/Request), Object(Closure))
#26 D:/PPLSI4707-C/projectPPLSI4707-C/PPLSI4707-C/vendor/laravel/framework/src/Illuminate/Pipeline/Pipeline.php(137): Illuminate/Pipeline/Pipeline->Illuminate/Pipeline/{closure}(Object(Illuminate/Http/Request))
#27 D:/PPLSI4707-C/projectPPLSI4707-C/PPLSI4707-C/vendor/laravel/framework/src/Illuminate/Routing/Router.php(821): Illuminate/Pipeline/Pipeline->then(Object(Closure))
#28 D:/PPLSI4707-C/projectPPLSI4707-C/PPLSI4707-C/vendor/laravel/framework/src/Illuminate/Routing/Router.php(800): Illuminate/Routing/Router->runRouteWithinStack(Object(Illuminate/Routing/Route), Object(Illuminate/Http/Request))
#29 D:/PPLSI4707-C/projectPPLSI4707-C/PPLSI4707-C/vendor/laravel/framework/src/Illuminate/Routing/Router.php(764): Illuminate/Routing/Router->runRoute(Object(Illuminate/Http/Request), Object(Illuminate/Routing/Route))
#30 D:/PPLSI4707-C/projectPPLSI4707-C/PPLSI4707-C/vendor/laravel/framework/src/Illuminate/Routing/Router.php(753): Illuminate/Routing/Router->dispatchToRoute(Object(Illuminate/Http/Request))
#31 D:/PPLSI4707-C/projectPPLSI4707-C/PPLSI4707-C/vendor/laravel/framework/src/Illuminate/Foundation/Http/Kernel.php(200): Illuminate/Routing/Router->dispatch(Object(Illuminate/Http/Request))
#32 D:/PPLSI4707-C/projectPPLSI4707-C/PPLSI4707-C/vendor/laravel/framework/src/Illuminate/Pipeline/Pipeline.php(180): Illuminate/Foundation/Http/Kernel->Illuminate/Foundation/Http/{closure}(Object(Illuminate/Http/Request))
#33 D:/PPLSI4707-C/projectPPLSI4707-C/PPLSI4707-C/vendor/laravel/framework/src/Illuminate/Foundation/Http/Middleware/TransformsRequest.php(21): Illuminate/Pipeline/Pipeline->Illuminate/Pipeline/{closure}(Object(Illuminate/Http/Request))
#34 D:/PPLSI4707-C/projectPPLSI4707-C/PPLSI4707-C/vendor/laravel/framework/src/Illuminate/Foundation/Http/Middleware/ConvertEmptyStringsToNull.php(31): Illuminate/Foundation/Http/Middleware/TransformsRequest->handle(Object(Illuminate/Http/Request), Object(Closure))
#35 D:/PPLSI4707-C/projectPPLSI4707-C/PPLSI4707-C/vendor/laravel/framework/src/Illuminate/Pipeline/Pipeline.php(219): Illuminate/Foundation/Http/Middleware/ConvertEmptyStringsToNull->handle(Object(Illuminate/Http/Request), Object(Closure))
#36 D:/PPLSI4707-C/projectPPLSI4707-C/PPLSI4707-C/vendor/laravel/framework/src/Illuminate/Foundation/Http/Middleware/TransformsRequest.php(21): Illuminate/Pipeline/Pipeline->Illuminate/Pipeline/{closure}(Object(Illuminate/Http/Request))
#37 D:/PPLSI4707-C/projectPPLSI4707-C/PPLSI4707-C/vendor/laravel/framework/src/Illuminate/Foundation/Http/Middleware/TrimStrings.php(51): Illuminate/Foundation/Http/Middleware/TransformsRequest->handle(Object(Illuminate/Http/Request), Object(Closure))
#38 D:/PPLSI4707-C/projectPPLSI4707-C/PPLSI4707-C/vendor/laravel/framework/src/Illuminate/Pipeline/Pipeline.php(219): Illuminate/Foundation/Http/Middleware/TrimStrings->handle(Object(Illuminate/Http/Request), Object(Closure))
#39 D:/PPLSI4707-C/projectPPLSI4707-C/PPLSI4707-C/vendor/laravel/framework/src/Illuminate/Http/Middleware/ValidatePostSize.php(27): Illuminate/Pipeline/Pipeline->Illuminate/Pipeline/{closure}(Object(Illuminate/Http/Request))
#40 D:/PPLSI4707-C/projectPPLSI4707-C/PPLSI4707-C/vendor/laravel/framework/src/Illuminate/Pipeline/Pipeline.php(219): Illuminate/Http/Middleware/ValidatePostSize->handle(Object(Illuminate/Http/Request), Object(Closure))
#41 D:/PPLSI4707-C/projectPPLSI4707-C/PPLSI4707-C/vendor/laravel/framework/src/Illuminate/Foundation/Http/Middleware/PreventRequestsDuringMaintenance.php(109): Illuminate/Pipeline/Pipeline->Illuminate/Pipeline/{closure}(Object(Illuminate/Http/Request))
#42 D:/PPLSI4707-C/projectPPLSI4707-C/PPLSI4707-C/vendor/laravel/framework/src/Illuminate/Pipeline/Pipeline.php(219): Illuminate/Foundation/Http/Middleware/PreventRequestsDuringMaintenance->handle(Object(Illuminate/Http/Request), Object(Closure))
#43 D:/PPLSI4707-C/projectPPLSI4707-C/PPLSI4707-C/vendor/laravel/framework/src/Illuminate/Http/Middleware/HandleCors.php(61): Illuminate/Pipeline/Pipeline->Illuminate/Pipeline/{closure}(Object(Illuminate/Http/Request))
#44 D:/PPLSI4707-C/projectPPLSI4707-C/PPLSI4707-C/vendor/laravel/framework/src/Illuminate/Pipeline/Pipeline.php(219): Illuminate/Http/Middleware/HandleCors->handle(Object(Illuminate/Http/Request), Object(Closure))
#45 D:/PPLSI4707-C/projectPPLSI4707-C/PPLSI4707-C/vendor/laravel/framework/src/Illuminate/Http/Middleware/TrustProxies.php(58): Illuminate/Pipeline/Pipeline->Illuminate/Pipeline/{closure}(Object(Illuminate/Http/Request))
#46 D:/PPLSI4707-C/projectPPLSI4707-C/PPLSI4707-C/vendor/laravel/framework/src/Illuminate/Pipeline/Pipeline.php(219): Illuminate/Http/Middleware/TrustProxies->handle(Object(Illuminate/Http/Request), Object(Closure))
#47 D:/PPLSI4707-C/projectPPLSI4707-C/PPLSI4707-C/vendor/laravel/framework/src/Illuminate/Foundation/Http/Middleware/InvokeDeferredCallbacks.php(22): Illuminate/Pipeline/Pipeline->Illuminate/Pipeline/{closure}(Object(Illuminate/Http/Request))
#48 D:/PPLSI4707-C/projectPPLSI4707-C/PPLSI4707-C/vendor/laravel/framework/src/Illuminate/Pipeline/Pipeline.php(219): Illuminate/Foundation/Http/Middleware/InvokeDeferredCallbacks->handle(Object(Illuminate/Http/Request), Object(Closure))
#49 D:/PPLSI4707-C/projectPPLSI4707-C/PPLSI4707-C/vendor/laravel/framework/src/Illuminate/Http/Middleware/ValidatePathEncoding.php(28): Illuminate/Pipeline/Pipeline->Illuminate/Pipeline/{closure}(Object(Illuminate/Http/Request))
#50 D:/PPLSI4707-C/projectPPLSI4707-C/PPLSI4707-C/vendor/laravel/framework/src/Illuminate/Pipeline/Pipeline.php(219): Illuminate/Http/Middleware/ValidatePathEncoding->handle(Object(Illuminate/Http/Request), Object(Closure))
#51 D:/PPLSI4707-C/projectPPLSI4707-C/PPLSI4707-C/vendor/laravel/framework/src/Illuminate/Pipeline/Pipeline.php(137): Illuminate/Pipeline/Pipeline->Illuminate/Pipeline/{closure}(Object(Illuminate/Http/Request))
#52 D:/PPLSI4707-C/projectPPLSI4707-C/PPLSI4707-C/vendor/laravel/framework/src/Illuminate/Foundation/Http/Kernel.php(175): Illuminate/Pipeline/Pipeline->then(Object(Closure))
#53 D:/PPLSI4707-C/projectPPLSI4707-C/PPLSI4707-C/vendor/laravel/framework/src/Illuminate/Foundation/Http/Kernel.php(144): Illuminate/Foundation/Http/Kernel->sendRequestThroughRouter(Object(Illuminate/Http/Request))
#54 D:/PPLSI4707-C/projectPPLSI4707-C/PPLSI4707-C/vendor/laravel/framework/src/Illuminate/Foundation/Application.php(1220): Illuminate/Foundation/Http/Kernel->handle(Object(Illuminate/Http/Request))
#55 D:/PPLSI4707-C/projectPPLSI4707-C/PPLSI4707-C/public/index.php(20): Illuminate/Foundation/Application->handleRequest(Object(Illuminate/Http/Request))
#56 D:/PPLSI4707-C/projectPPLSI4707-C/PPLSI4707-C/vendor/laravel/framework/src/Illuminate/Foundation/resources/server.php(23): require_once('D://PPLSI4707-C//...')
#57 {main}

[previous exception] [object] (Symfony\\Component\\Routing\\Exception\\RouteNotFoundException(code: 0): Route [login] not defined. at D:/PPLSI4707-C/projectPPLSI4707-C/PPLSI4707-C/vendor/laravel/framework/src/Illuminate/Routing/UrlGenerator.php:536)
[stacktrace]
#0 D:/PPLSI4707-C/projectPPLSI4707-C/PPLSI4707-C/vendor/laravel/framework/src/Illuminate/Foundation/helpers.php(870): Illuminate/Routing/UrlGenerator->route('login', Array, true)
#1 D:/PPLSI4707-C/projectPPLSI4707-C/PPLSI4707-C/storage/framework/views/989324c9719b5003241c112e423240db.php(146): route('login')
#2 D:/PPLSI4707-C/projectPPLSI4707-C/PPLSI4707-C/vendor/laravel/framework/src/Illuminate/Filesystem/Filesystem.php(123): require('D://PPLSI4707-C//...')
#3 D:/PPLSI4707-C/projectPPLSI4707-C/PPLSI4707-C/vendor/laravel/framework/src/Illuminate/Filesystem/Filesystem.php(124): Illuminate/Filesystem/Filesystem::Illuminate/Filesystem/{closure}()
#4 D:/PPLSI4707-C/projectPPLSI4707-C/PPLSI4707-C/vendor/laravel/framework/src/Illuminate/View/Engines/PhpEngine.php(57): Illuminate/Filesystem/Filesystem->getRequire('D://PPLSI4707-C//...', Array)
#5 D:/PPLSI4707-C/projectPPLSI4707-C/PPLSI4707-C/vendor/laravel/framework/src/Illuminate/View/Engines/CompilerEngine.php(76): Illuminate/View/Engines/PhpEngine->evaluatePath('D://PPLSI4707-C//...', Array)
#6 D:/PPLSI4707-C/projectPPLSI4707-C/PPLSI4707-C/vendor/laravel/framework/src/Illuminate/View/View.php(208): Illuminate/View/Engines/CompilerEngine->get('D://PPLSI4707-C//...', Array)
#7 D:/PPLSI4707-C/projectPPLSI4707-C/PPLSI4707-C/vendor/laravel/framework/src/Illuminate/View/View.php(191): Illuminate/View/View->getContents()
#8 D:/PPLSI4707-C/projectPPLSI4707-C/PPLSI4707-C/vendor/laravel/framework/src/Illuminate/View/View.php(160): Illuminate/View/View->renderContents()
#9 D:/PPLSI4707-C/projectPPLSI4707-C/PPLSI4707-C/vendor/laravel/framework/src/Illuminate/Http/Response.php(78): Illuminate/View/View->render()
#10 D:/PPLSI4707-C/projectPPLSI4707-C/PPLSI4707-C/vendor/laravel/framework/src/Illuminate/Http/Response.php(34): Illuminate/Http/Response->setContent(Object(Illuminate/View/View))
#11 D:/PPLSI4707-C/projectPPLSI4707-C/PPLSI4707-C/vendor/laravel/framework/src/Illuminate/Routing/Router.php(939): Illuminate/Http/Response->__construct(Object(Illuminate/View/View), 200, Array)
#12 D:/PPLSI4707-C/projectPPLSI4707-C/PPLSI4707-C/vendor/laravel/framework/src/Illuminate/Routing/Router.php(906): Illuminate/Routing/Router::toResponse(Object(Illuminate/Http/Request), Object(Illuminate/View/View))
#13 D:/PPLSI4707-C/projectPPLSI4707-C/PPLSI4707-C/vendor/laravel/framework/src/Illuminate/Routing/Router.php(821): Illuminate/Routing/Router->prepareResponse(Object(Illuminate/Http/Request), Object(Illuminate/View/View))
#14 D:/PPLSI4707-C/projectPPLSI4707-C/PPLSI4707-C/vendor/laravel/framework/src/Illuminate/Pipeline/Pipeline.php(180): Illuminate/Routing/Router->Illuminate/Routing/{closure}(Object(Illuminate/Http/Request))
#15 D:/PPLSI4707-C/projectPPLSI4707-C/PPLSI4707-C/vendor/laravel/framework/src/Illuminate/Auth/Middleware/RedirectIfAuthenticated.php(47): Illuminate/Pipeline/Pipeline->Illuminate/Pipeline/{closure}(Object(Illuminate/Http/Request))
#16 D:/PPLSI4707-C/projectPPLSI4707-C/PPLSI4707-C/vendor/laravel/framework/src/Illuminate/Pipeline/Pipeline.php(219): Illuminate/Auth/Middleware/RedirectIfAuthenticated->handle(Object(Illuminate/Http/Request), Object(Closure))
#17 D:/PPLSI4707-C/projectPPLSI4707-C/PPLSI4707-C/vendor/laravel/framework/src/Illuminate/Routing/Middleware/SubstituteBindings.php(52): Illuminate/Pipeline/Pipeline->Illuminate/Pipeline/{closure}(Object(Illuminate/Http/Request))
#18 D:/PPLSI4707-C/projectPPLSI4707-C/PPLSI4707-C/vendor/laravel/framework/src/Illuminate/Pipeline/Pipeline.php(219): Illuminate/Routing/Middleware/SubstituteBindings->handle(Object(Illuminate/Http/Request), Object(Closure))
#19 D:/PPLSI4707-C/projectPPLSI4707-C/PPLSI4707-C/vendor/laravel/framework/src/Illuminate/Foundation/Http/Middleware/PreventRequestForgery.php(104): Illuminate/Pipeline/Pipeline->Illuminate/Pipeline/{closure}(Object(Illuminate/Http/Request))
#20 D:/PPLSI4707-C/projectPPLSI4707-C/PPLSI4707-C/vendor/laravel/framework/src/Illuminate/Pipeline/Pipeline.php(219): Illuminate/Foundation/Http/Middleware/PreventRequestForgery->handle(Object(Illuminate/Http/Request), Object(Closure))
#21 D:/PPLSI4707-C/projectPPLSI4707-C/PPLSI4707-C/vendor/laravel/framework/src/Illuminate/View/Middleware/ShareErrorsFromSession.php(48): Illuminate/Pipeline/Pipeline->Illuminate/Pipeline/{closure}(Object(Illuminate/Http/Request))
#22 D:/PPLSI4707-C/projectPPLSI4707-C/PPLSI4707-C/vendor/laravel/framework/src/Illuminate/Pipeline/Pipeline.php(219): Illuminate/View/Middleware/ShareErrorsFromSession->handle(Object(Illuminate/Http/Request), Object(Closure))
#23 D:/PPLSI4707-C/projectPPLSI4707-C/PPLSI4707-C/vendor/laravel/framework/src/Illuminate/Session/Middleware/StartSession.php(120): Illuminate/Pipeline/Pipeline->Illuminate/Pipeline/{closure}(Object(Illuminate/Http/Request))
#24 D:/PPLSI4707-C/projectPPLSI4707-C/PPLSI4707-C/vendor/laravel/framework/src/Illuminate/Session/Middleware/StartSession.php(63): Illuminate/Session/Middleware/StartSession->handleStatefulRequest(Object(Illuminate/Http/Request), Object(Illuminate/Session/Store), Object(Closure))
#25 D:/PPLSI4707-C/projectPPLSI4707-C/PPLSI4707-C/vendor/laravel/framework/src/Illuminate/Pipeline/Pipeline.php(219): Illuminate/Session/Middleware/StartSession->handle(Object(Illuminate/Http/Request), Object(Closure))
#26 D:/PPLSI4707-C/projectPPLSI4707-C/PPLSI4707-C/vendor/laravel/framework/src/Illuminate/Cookie/Middleware/AddQueuedCookiesToResponse.php(36): Illuminate/Pipeline/Pipeline->Illuminate/Pipeline/{closure}(Object(Illuminate/Http/Request))
#27 D:/PPLSI4707-C/projectPPLSI4707-C/PPLSI4707-C/vendor/laravel/framework/src/Illuminate/Pipeline/Pipeline.php(219): Illuminate/Cookie/Middleware/AddQueuedCookiesToResponse->handle(Object(Illuminate/Http/Request), Object(Closure))
#28 D:/PPLSI4707-C/projectPPLSI4707-C/PPLSI4707-C/vendor/laravel/framework/src/Illuminate/Cookie/Middleware/EncryptCookies.php(74): Illuminate/Pipeline/Pipeline->Illuminate/Pipeline/{closure}(Object(Illuminate/Http/Request))
#29 D:/PPLSI4707-C/projectPPLSI4707-C/PPLSI4707-C/vendor/laravel/framework/src/Illuminate/Pipeline/Pipeline.php(219): Illuminate/Cookie/Middleware/EncryptCookies->handle(Object(Illuminate/Http/Request), Object(Closure))
#30 D:/PPLSI4707-C/projectPPLSI4707-C/PPLSI4707-C/vendor/laravel/framework/src/Illuminate/Pipeline/Pipeline.php(137): Illuminate/Pipeline/Pipeline->Illuminate/Pipeline/{closure}(Object(Illuminate/Http/Request))
#31 D:/PPLSI4707-C/projectPPLSI4707-C/PPLSI4707-C/vendor/laravel/framework/src/Illuminate/Routing/Router.php(821): Illuminate/Pipeline/Pipeline->then(Object(Closure))
#32 D:/PPLSI4707-C/projectPPLSI4707-C/PPLSI4707-C/vendor/laravel/framework/src/Illuminate/Routing/Router.php(800): Illuminate/Routing/Router->runRouteWithinStack(Object(Illuminate/Routing/Route), Object(Illuminate/Http/Request))
#33 D:/PPLSI4707-C/projectPPLSI4707-C/PPLSI4707-C/vendor/laravel/framework/src/Illuminate/Routing/Router.php(764): Illuminate/Routing/Router->runRoute(Object(Illuminate/Http/Request), Object(Illuminate/Routing/Route))
#34 D:/PPLSI4707-C/projectPPLSI4707-C/PPLSI4707-C/vendor/laravel/framework/src/Illuminate/Routing/Router.php(753): Illuminate/Routing/Router->dispatchToRoute(Object(Illuminate/Http/Request))
#35 D:/PPLSI4707-C/projectPPLSI4707-C/PPLSI4707-C/vendor/laravel/framework/src/Illuminate/Foundation/Http/Kernel.php(200): Illuminate/Routing/Router->dispatch(Object(Illuminate/Http/Request))
#36 D:/PPLSI4707-C/projectPPLSI4707-C/PPLSI4707-C/vendor/laravel/framework/src/Illuminate/Pipeline/Pipeline.php(180): Illuminate/Foundation/Http/Kernel->Illuminate/Foundation/Http/{closure}(Object(Illuminate/Http/Request))
#37 D:/PPLSI4707-C/projectPPLSI4707-C/PPLSI4707-C/vendor/laravel/framework/src/Illuminate/Foundation/Http/Middleware/TransformsRequest.php(21): Illuminate/Pipeline/Pipeline->Illuminate/Pipeline/{closure}(Object(Illuminate/Http/Request))
#38 D:/PPLSI4707-C/projectPPLSI4707-C/PPLSI4707-C/vendor/laravel/framework/src/Illuminate/Foundation/Http/Middleware/ConvertEmptyStringsToNull.php(31): Illuminate/Foundation/Http/Middleware/TransformsRequest->handle(Object(Illuminate/Http/Request), Object(Closure))
#39 D:/PPLSI4707-C/projectPPLSI4707-C/PPLSI4707-C/vendor/laravel/framework/src/Illuminate/Pipeline/Pipeline.php(219): Illuminate/Foundation/Http/Middleware/ConvertEmptyStringsToNull->handle(Object(Illuminate/Http/Request), Object(Closure))
#40 D:/PPLSI4707-C/projectPPLSI4707-C/PPLSI4707-C/vendor/laravel/framework/src/Illuminate/Foundation/Http/Middleware/TransformsRequest.php(21): Illuminate/Pipeline/Pipeline->Illuminate/Pipeline/{closure}(Object(Illuminate/Http/Request))
#41 D:/PPLSI4707-C/projectPPLSI4707-C/PPLSI4707-C/vendor/laravel/framework/src/Illuminate/Foundation/Http/Middleware/TrimStrings.php(51): Illuminate/Foundation/Http/Middleware/TransformsRequest->handle(Object(Illuminate/Http/Request), Object(Closure))
#42 D:/PPLSI4707-C/projectPPLSI4707-C/PPLSI4707-C/vendor/laravel/framework/src/Illuminate/Pipeline/Pipeline.php(219): Illuminate/Foundation/Http/Middleware/TrimStrings->handle(Object(Illuminate/Http/Request), Object(Closure))
#43 D:/PPLSI4707-C/projectPPLSI4707-C/PPLSI4707-C/vendor/laravel/framework/src/Illuminate/Http/Middleware/ValidatePostSize.php(27): Illuminate/Pipeline/Pipeline->Illuminate/Pipeline/{closure}(Object(Illuminate/Http/Request))
#44 D:/PPLSI4707-C/projectPPLSI4707-C/PPLSI4707-C/vendor/laravel/framework/src/Illuminate/Pipeline/Pipeline.php(219): Illuminate/Http/Middleware/ValidatePostSize->handle(Object(Illuminate/Http/Request), Object(Closure))
#45 D:/PPLSI4707-C/projectPPLSI4707-C/PPLSI4707-C/vendor/laravel/framework/src/Illuminate/Foundation/Http/Middleware/PreventRequestsDuringMaintenance.php(109): Illuminate/Pipeline/Pipeline->Illuminate/Pipeline/{closure}(Object(Illuminate/Http/Request))
#46 D:/PPLSI4707-C/projectPPLSI4707-C/PPLSI4707-C/vendor/laravel/framework/src/Illuminate/Pipeline/Pipeline.php(219): Illuminate/Foundation/Http/Middleware/PreventRequestsDuringMaintenance->handle(Object(Illuminate/Http/Request), Object(Closure))
#47 D:/PPLSI4707-C/projectPPLSI4707-C/PPLSI4707-C/vendor/laravel/framework/src/Illuminate/Http/Middleware/HandleCors.php(61): Illuminate/Pipeline/Pipeline->Illuminate/Pipeline/{closure}(Object(Illuminate/Http/Request))
#48 D:/PPLSI4707-C/projectPPLSI4707-C/PPLSI4707-C/vendor/laravel/framework/src/Illuminate/Pipeline/Pipeline.php(219): Illuminate/Http/Middleware/HandleCors->handle(Object(Illuminate/Http/Request), Object(Closure))
#49 D:/PPLSI4707-C/projectPPLSI4707-C/PPLSI4707-C/vendor/laravel/framework/src/Illuminate/Http/Middleware/TrustProxies.php(58): Illuminate/Pipeline/Pipeline->Illuminate/Pipeline/{closure}(Object(Illuminate/Http/Request))
#50 D:/PPLSI4707-C/projectPPLSI4707-C/PPLSI4707-C/vendor/laravel/framework/src/Illuminate/Pipeline/Pipeline.php(219): Illuminate/Http/Middleware/TrustProxies->handle(Object(Illuminate/Http/Request), Object(Closure))
#51 D:/PPLSI4707-C/projectPPLSI4707-C/PPLSI4707-C/vendor/laravel/framework/src/Illuminate/Foundation/Http/Middleware/InvokeDeferredCallbacks.php(22): Illuminate/Pipeline/Pipeline->Illuminate/Pipeline/{closure}(Object(Illuminate/Http/Request))
#52 D:/PPLSI4707-C/projectPPLSI4707-C/PPLSI4707-C/vendor/laravel/framework/src/Illuminate/Pipeline/Pipeline.php(219): Illuminate/Foundation/Http/Middleware/InvokeDeferredCallbacks->handle(Object(Illuminate/Http/Request), Object(Closure))
#53 D:/PPLSI4707-C/projectPPLSI4707-C/PPLSI4707-C/vendor/laravel/framework/src/Illuminate/Http/Middleware/ValidatePathEncoding.php(28): Illuminate/Pipeline/Pipeline->Illuminate/Pipeline/{closure}(Object(Illuminate/Http/Request))
#54 D:/PPLSI4707-C/projectPPLSI4707-C/PPLSI4707-C/vendor/laravel/framework/src/Illuminate/Pipeline/Pipeline.php(219): Illuminate/Http/Middleware/ValidatePathEncoding->handle(Object(Illuminate/Http/Request), Object(Closure))
#55 D:/PPLSI4707-C/projectPPLSI4707-C/PPLSI4707-C/vendor/laravel/framework/src/Illuminate/Pipeline/Pipeline.php(137): Illuminate/Pipeline/Pipeline->Illuminate/Pipeline/{closure}(Object(Illuminate/Http/Request))
#56 D:/PPLSI4707-C/projectPPLSI4707-C/PPLSI4707-C/vendor/laravel/framework/src/Illuminate/Foundation/Http/Kernel.php(175): Illuminate/Pipeline/Pipeline->then(Object(Closure))
#57 D:/PPLSI4707-C/projectPPLSI4707-C/PPLSI4707-C/vendor/laravel/framework/src/Illuminate/Foundation/Http/Kernel.php(144): Illuminate/Foundation/Http/Kernel->sendRequestThroughRouter(Object(Illuminate/Http/Request))
#58 D:/PPLSI4707-C/projectPPLSI4707-C/PPLSI4707-C/vendor/laravel/framework/src/Illuminate/Foundation/Application.php(1220): Illuminate/Foundation/Http/Kernel->handle(Object(Illuminate/Http/Request))
#59 D:/PPLSI4707-C/projectPPLSI4707-C/PPLSI4707-C/public/index.php(20): Illuminate/Foundation/Application->handleRequest(Object(Illuminate/Http/Request))
#60 D:/PPLSI4707-C/projectPPLSI4707-C/PPLSI4707-C/vendor/laravel/framework/src/Illuminate/Foundation/resources/server.php(23): require_once('D://PPLSI4707-C//...')
#61 {main}
"} 
[2026-05-08 00:23:16] local.ERROR: unserialize(): Error at offset 235 of 362 bytes {"exception":"[object] (ErrorException(code: 0): unserialize(): Error at offset 235 of 362 bytes at D:/PPLSI4707-C/projectPPLSI4707-C/PPLSI4707-C/vendor/laravel/framework/src/Illuminate/Routing/RouteSignatureParameters.php:22)
[stacktrace]
#0 D:/PPLSI4707-C/projectPPLSI4707-C/PPLSI4707-C/vendor/laravel/framework/src/Illuminate/Foundation/Bootstrap/HandleExceptions.php(258): Illuminate/Foundation/Bootstrap/HandleExceptions->handleError(2, 'unserialize(): ...', 'D://PPLSI4707-C//...', 22)
#1 [internal function]: Illuminate/Foundation/Bootstrap/HandleExceptions->Illuminate/Foundation/Bootstrap/{closure}(2, 'unserialize(): ...', 'D://PPLSI4707-C//...', 22)
#2 D:/PPLSI4707-C/projectPPLSI4707-C/PPLSI4707-C/vendor/laravel/framework/src/Illuminate/Routing/RouteSignatureParameters.php(22): unserialize('O:55:\"Laravel//S...')
#3 D:/PPLSI4707-C/projectPPLSI4707-C/PPLSI4707-C/vendor/laravel/framework/src/Illuminate/Routing/Route.php(549): Illuminate/Routing/RouteSignatureParameters::fromAction(Array, Array)
#4 D:/PPLSI4707-C/projectPPLSI4707-C/PPLSI4707-C/vendor/laravel/framework/src/Illuminate/Routing/ImplicitRouteBinding.php(79): Illuminate/Routing/Route->signatureParameters(Array)
#5 D:/PPLSI4707-C/projectPPLSI4707-C/PPLSI4707-C/vendor/laravel/framework/src/Illuminate/Routing/ImplicitRouteBinding.php(27): Illuminate/Routing/ImplicitRouteBinding::resolveBackedEnumsForRoute(Object(Illuminate/Routing/Route), Array)
#6 D:/PPLSI4707-C/projectPPLSI4707-C/PPLSI4707-C/vendor/laravel/framework/src/Illuminate/Routing/Router.php(980): Illuminate/Routing/ImplicitRouteBinding::resolveForRoute(Object(Illuminate/Foundation/Application), Object(Illuminate/Routing/Route))
#7 [internal function]: Illuminate/Routing/Router->Illuminate/Routing/{closure}(Object(Illuminate/Foundation/Application), Object(Illuminate/Routing/Route), Object(Closure))
#8 D:/PPLSI4707-C/projectPPLSI4707-C/PPLSI4707-C/vendor/laravel/framework/src/Illuminate/Routing/Router.php(982): call_user_func(Object(Closure), Object(Illuminate/Foundation/Application), Object(Illuminate/Routing/Route), Object(Closure))
#9 D:/PPLSI4707-C/projectPPLSI4707-C/PPLSI4707-C/vendor/laravel/framework/src/Illuminate/Routing/Middleware/SubstituteBindings.php(43): Illuminate/Routing/Router->substituteImplicitBindings(Object(Illuminate/Routing/Route))
#10 D:/PPLSI4707-C/projectPPLSI4707-C/PPLSI4707-C/vendor/laravel/framework/src/Illuminate/Pipeline/Pipeline.php(219): Illuminate/Routing/Middleware/SubstituteBindings->handle(Object(Illuminate/Http/Request), Object(Closure))
#11 D:/PPLSI4707-C/projectPPLSI4707-C/PPLSI4707-C/vendor/laravel/framework/src/Illuminate/Foundation/Http/Middleware/PreventRequestForgery.php(104): Illuminate/Pipeline/Pipeline->Illuminate/Pipeline/{closure}(Object(Illuminate/Http/Request))
#12 D:/PPLSI4707-C/projectPPLSI4707-C/PPLSI4707-C/vendor/laravel/framework/src/Illuminate/Pipeline/Pipeline.php(219): Illuminate/Foundation/Http/Middleware/PreventRequestForgery->handle(Object(Illuminate/Http/Request), Object(Closure))
#13 D:/PPLSI4707-C/projectPPLSI4707-C/PPLSI4707-C/vendor/laravel/framework/src/Illuminate/View/Middleware/ShareErrorsFromSession.php(48): Illuminate/Pipeline/Pipeline->Illuminate/Pipeline/{closure}(Object(Illuminate/Http/Request))
#14 D:/PPLSI4707-C/projectPPLSI4707-C/PPLSI4707-C/vendor/laravel/framework/src/Illuminate/Pipeline/Pipeline.php(219): Illuminate/View/Middleware/ShareErrorsFromSession->handle(Object(Illuminate/Http/Request), Object(Closure))
#15 D:/PPLSI4707-C/projectPPLSI4707-C/PPLSI4707-C/vendor/laravel/framework/src/Illuminate/Session/Middleware/StartSession.php(120): Illuminate/Pipeline/Pipeline->Illuminate/Pipeline/{closure}(Object(Illuminate/Http/Request))
#16 D:/PPLSI4707-C/projectPPLSI4707-C/PPLSI4707-C/vendor/laravel/framework/src/Illuminate/Session/Middleware/StartSession.php(63): Illuminate/Session/Middleware/StartSession->handleStatefulRequest(Object(Illuminate/Http/Request), Object(Illuminate/Session/Store), Object(Closure))
#17 D:/PPLSI4707-C/projectPPLSI4707-C/PPLSI4707-C/vendor/laravel/framework/src/Illuminate/Pipeline/Pipeline.php(219): Illuminate/Session/Middleware/StartSession->handle(Object(Illuminate/Http/Request), Object(Closure))
#18 D:/PPLSI4707-C/projectPPLSI4707-C/PPLSI4707-C/vendor/laravel/framework/src/Illuminate/Cookie/Middleware/AddQueuedCookiesToResponse.php(36): Illuminate/Pipeline/Pipeline->Illuminate/Pipeline/{closure}(Object(Illuminate/Http/Request))
#19 D:/PPLSI4707-C/projectPPLSI4707-C/PPLSI4707-C/vendor/laravel/framework/src/Illuminate/Pipeline/Pipeline.php(219): Illuminate/Cookie/Middleware/AddQueuedCookiesToResponse->handle(Object(Illuminate/Http/Request), Object(Closure))
#20 D:/PPLSI4707-C/projectPPLSI4707-C/PPLSI4707-C/vendor/laravel/framework/src/Illuminate/Cookie/Middleware/EncryptCookies.php(74): Illuminate/Pipeline/Pipeline->Illuminate/Pipeline/{closure}(Object(Illuminate/Http/Request))
#21 D:/PPLSI4707-C/projectPPLSI4707-C/PPLSI4707-C/vendor/laravel/framework/src/Illuminate/Pipeline/Pipeline.php(219): Illuminate/Cookie/Middleware/EncryptCookies->handle(Object(Illuminate/Http/Request), Object(Closure))
#22 D:/PPLSI4707-C/projectPPLSI4707-C/PPLSI4707-C/vendor/laravel/framework/src/Illuminate/Pipeline/Pipeline.php(137): Illuminate/Pipeline/Pipeline->Illuminate/Pipeline/{closure}(Object(Illuminate/Http/Request))
#23 D:/PPLSI4707-C/projectPPLSI4707-C/PPLSI4707-C/vendor/laravel/framework/src/Illuminate/Routing/Router.php(821): Illuminate/Pipeline/Pipeline->then(Object(Closure))
#24 D:/PPLSI4707-C/projectPPLSI4707-C/PPLSI4707-C/vendor/laravel/framework/src/Illuminate/Routing/Router.php(800): Illuminate/Routing/Router->runRouteWithinStack(Object(Illuminate/Routing/Route), Object(Illuminate/Http/Request))
#25 D:/PPLSI4707-C/projectPPLSI4707-C/PPLSI4707-C/vendor/laravel/framework/src/Illuminate/Routing/Router.php(764): Illuminate/Routing/Router->runRoute(Object(Illuminate/Http/Request), Object(Illuminate/Routing/Route))
#26 D:/PPLSI4707-C/projectPPLSI4707-C/PPLSI4707-C/vendor/laravel/framework/src/Illuminate/Routing/Router.php(753): Illuminate/Routing/Router->dispatchToRoute(Object(Illuminate/Http/Request))
#27 D:/PPLSI4707-C/projectPPLSI4707-C/PPLSI4707-C/vendor/laravel/framework/src/Illuminate/Foundation/Http/Kernel.php(200): Illuminate/Routing/Router->dispatch(Object(Illuminate/Http/Request))
#28 D:/PPLSI4707-C/projectPPLSI4707-C/PPLSI4707-C/vendor/laravel/framework/src/Illuminate/Pipeline/Pipeline.php(180): Illuminate/Foundation/Http/Kernel->Illuminate/Foundation/Http/{closure}(Object(Illuminate/Http/Request))
#29 D:/PPLSI4707-C/projectPPLSI4707-C/PPLSI4707-C/vendor/laravel/framework/src/Illuminate/Foundation/Http/Middleware/TransformsRequest.php(21): Illuminate/Pipeline/Pipeline->Illuminate/Pipeline/{closure}(Object(Illuminate/Http/Request))
#30 D:/PPLSI4707-C/projectPPLSI4707-C/PPLSI4707-C/vendor/laravel/framework/src/Illuminate/Foundation/Http/Middleware/ConvertEmptyStringsToNull.php(31): Illuminate/Foundation/Http/Middleware/TransformsRequest->handle(Object(Illuminate/Http/Request), Object(Closure))
#31 D:/PPLSI4707-C/projectPPLSI4707-C/PPLSI4707-C/vendor/laravel/framework/src/Illuminate/Pipeline/Pipeline.php(219): Illuminate/Foundation/Http/Middleware/ConvertEmptyStringsToNull->handle(Object(Illuminate/Http/Request), Object(Closure))
#32 D:/PPLSI4707-C/projectPPLSI4707-C/PPLSI4707-C/vendor/laravel/framework/src/Illuminate/Foundation/Http/Middleware/TransformsRequest.php(21): Illuminate/Pipeline/Pipeline->Illuminate/Pipeline/{closure}(Object(Illuminate/Http/Request))
#33 D:/PPLSI4707-C/projectPPLSI4707-C/PPLSI4707-C/vendor/laravel/framework/src/Illuminate/Foundation/Http/Middleware/TrimStrings.php(51): Illuminate/Foundation/Http/Middleware/TransformsRequest->handle(Object(Illuminate/Http/Request), Object(Closure))
#34 D:/PPLSI4707-C/projectPPLSI4707-C/PPLSI4707-C/vendor/laravel/framework/src/Illuminate/Pipeline/Pipeline.php(219): Illuminate/Foundation/Http/Middleware/TrimStrings->handle(Object(Illuminate/Http/Request), Object(Closure))
#35 D:/PPLSI4707-C/projectPPLSI4707-C/PPLSI4707-C/vendor/laravel/framework/src/Illuminate/Http/Middleware/ValidatePostSize.php(27): Illuminate/Pipeline/Pipeline->Illuminate/Pipeline/{closure}(Object(Illuminate/Http/Request))
#36 D:/PPLSI4707-C/projectPPLSI4707-C/PPLSI4707-C/vendor/laravel/framework/src/Illuminate/Pipeline/Pipeline.php(219): Illuminate/Http/Middleware/ValidatePostSize->handle(Object(Illuminate/Http/Request), Object(Closure))
#37 D:/PPLSI4707-C/projectPPLSI4707-C/PPLSI4707-C/vendor/laravel/framework/src/Illuminate/Foundation/Http/Middleware/PreventRequestsDuringMaintenance.php(109): Illuminate/Pipeline/Pipeline->Illuminate/Pipeline/{closure}(Object(Illuminate/Http/Request))
#38 D:/PPLSI4707-C/projectPPLSI4707-C/PPLSI4707-C/vendor/laravel/framework/src/Illuminate/Pipeline/Pipeline.php(219): Illuminate/Foundation/Http/Middleware/PreventRequestsDuringMaintenance->handle(Object(Illuminate/Http/Request), Object(Closure))
#39 D:/PPLSI4707-C/projectPPLSI4707-C/PPLSI4707-C/vendor/laravel/framework/src/Illuminate/Http/Middleware/HandleCors.php(61): Illuminate/Pipeline/Pipeline->Illuminate/Pipeline/{closure}(Object(Illuminate/Http/Request))
#40 D:/PPLSI4707-C/projectPPLSI4707-C/PPLSI4707-C/vendor/laravel/framework/src/Illuminate/Pipeline/Pipeline.php(219): Illuminate/Http/Middleware/HandleCors->handle(Object(Illuminate/Http/Request), Object(Closure))
#41 D:/PPLSI4707-C/projectPPLSI4707-C/PPLSI4707-C/vendor/laravel/framework/src/Illuminate/Http/Middleware/TrustProxies.php(58): Illuminate/Pipeline/Pipeline->Illuminate/Pipeline/{closure}(Object(Illuminate/Http/Request))
#42 D:/PPLSI4707-C/projectPPLSI4707-C/PPLSI4707-C/vendor/laravel/framework/src/Illuminate/Pipeline/Pipeline.php(219): Illuminate/Http/Middleware/TrustProxies->handle(Object(Illuminate/Http/Request), Object(Closure))
#43 D:/PPLSI4707-C/projectPPLSI4707-C/PPLSI4707-C/vendor/laravel/framework/src/Illuminate/Foundation/Http/Middleware/InvokeDeferredCallbacks.php(22): Illuminate/Pipeline/Pipeline->Illuminate/Pipeline/{closure}(Object(Illuminate/Http/Request))
#44 D:/PPLSI4707-C/projectPPLSI4707-C/PPLSI4707-C/vendor/laravel/framework/src/Illuminate/Pipeline/Pipeline.php(219): Illuminate/Foundation/Http/Middleware/InvokeDeferredCallbacks->handle(Object(Illuminate/Http/Request), Object(Closure))
#45 D:/PPLSI4707-C/projectPPLSI4707-C/PPLSI4707-C/vendor/laravel/framework/src/Illuminate/Http/Middleware/ValidatePathEncoding.php(28): Illuminate/Pipeline/Pipeline->Illuminate/Pipeline/{closure}(Object(Illuminate/Http/Request))
#46 D:/PPLSI4707-C/projectPPLSI4707-C/PPLSI4707-C/vendor/laravel/framework/src/Illuminate/Pipeline/Pipeline.php(219): Illuminate/Http/Middleware/ValidatePathEncoding->handle(Object(Illuminate/Http/Request), Object(Closure))
#47 D:/PPLSI4707-C/projectPPLSI4707-C/PPLSI4707-C/vendor/laravel/framework/src/Illuminate/Pipeline/Pipeline.php(137): Illuminate/Pipeline/Pipeline->Illuminate/Pipeline/{closure}(Object(Illuminate/Http/Request))
#48 D:/PPLSI4707-C/projectPPLSI4707-C/PPLSI4707-C/vendor/laravel/framework/src/Illuminate/Foundation/Http/Kernel.php(175): Illuminate/Pipeline/Pipeline->then(Object(Closure))
#49 D:/PPLSI4707-C/projectPPLSI4707-C/PPLSI4707-C/vendor/laravel/framework/src/Illuminate/Foundation/Http/Kernel.php(144): Illuminate/Foundation/Http/Kernel->sendRequestThroughRouter(Object(Illuminate/Http/Request))
#50 D:/PPLSI4707-C/projectPPLSI4707-C/PPLSI4707-C/public/index.php(17): Illuminate/Foundation/Http/Kernel->handle(Object(Illuminate/Http/Request))
#51 D:/PPLSI4707-C/projectPPLSI4707-C/PPLSI4707-C/vendor/laravel/framework/src/Illuminate/Foundation/resources/server.php(23): require_once('D://PPLSI4707-C//...')
#52 {main}
"} 
[2026-05-08 00:24:45] local.ERROR: include(D:\PPLSI4707-C\projectPPLSI4707-C\PPLSI4707-C\vendor\composer/../../app/Http/Controllers/Controller.php): Failed to open stream: No such file or directory {"exception":"[object] (ErrorException(code: 0): include(D:\\PPLSI4707-C\\projectPPLSI4707-C\\PPLSI4707-C\\vendor\\composer/../../app/Http/Controllers/Controller.php): Failed to open stream: No such file or directory at D:/PPLSI4707-C/projectPPLSI4707-C/PPLSI4707-C/vendor/composer/ClassLoader.php:576)
[stacktrace]
#0 D:/PPLSI4707-C/projectPPLSI4707-C/PPLSI4707-C/vendor/laravel/framework/src/Illuminate/Foundation/Bootstrap/HandleExceptions.php(258): Illuminate/Foundation/Bootstrap/HandleExceptions->handleError(2, 'include(D://PPLS...', 'D://PPLSI4707-C//...', 576)
#1 D:/PPLSI4707-C/projectPPLSI4707-C/PPLSI4707-C/vendor/composer/ClassLoader.php(576): Illuminate/Foundation/Bootstrap/HandleExceptions->Illuminate/Foundation/Bootstrap/{closure}(2, 'include(D://PPLS...', 'D://PPLSI4707-C//...', 576)
#2 D:/PPLSI4707-C/projectPPLSI4707-C/PPLSI4707-C/vendor/composer/ClassLoader.php(576): include('D://PPLSI4707-C//...')
#3 D:/PPLSI4707-C/projectPPLSI4707-C/PPLSI4707-C/vendor/composer/ClassLoader.php(427): Composer/Autoload/{closure}('D://PPLSI4707-C//...')
#4 D:/PPLSI4707-C/projectPPLSI4707-C/PPLSI4707-C/app/Http/Controllers/Auth/LoginController.php(9): Composer/Autoload/ClassLoader->loadClass('App//Http//Contro...')
#5 D:/PPLSI4707-C/projectPPLSI4707-C/PPLSI4707-C/vendor/composer/ClassLoader.php(576): include('D://PPLSI4707-C//...')
#6 D:/PPLSI4707-C/projectPPLSI4707-C/PPLSI4707-C/vendor/composer/ClassLoader.php(427): Composer/Autoload/{closure}('D://PPLSI4707-C//...')
#7 [internal function]: Composer/Autoload/ClassLoader->loadClass('App//Http//Contro...')
#8 D:/PPLSI4707-C/projectPPLSI4707-C/PPLSI4707-C/vendor/laravel/framework/src/Illuminate/Routing/Route.php(1129): is_a('App//Http//Contro...', 'Illuminate//Rout...', true)
#9 D:/PPLSI4707-C/projectPPLSI4707-C/PPLSI4707-C/vendor/laravel/framework/src/Illuminate/Routing/Route.php(1066): Illuminate/Routing/Route->controllerMiddleware()
#10 D:/PPLSI4707-C/projectPPLSI4707-C/PPLSI4707-C/vendor/laravel/framework/src/Illuminate/Routing/Router.php(834): Illuminate/Routing/Route->gatherMiddleware()
#11 D:/PPLSI4707-C/projectPPLSI4707-C/PPLSI4707-C/vendor/laravel/framework/src/Illuminate/Foundation/Console/RouteListCommand.php(229): Illuminate/Routing/Router->gatherRouteMiddleware(Object(Illuminate/Routing/Route))
#12 D:/PPLSI4707-C/projectPPLSI4707-C/PPLSI4707-C/vendor/laravel/framework/src/Illuminate/Foundation/Console/RouteListCommand.php(148): Illuminate/Foundation/Console/RouteListCommand->getMiddleware(Object(Illuminate/Routing/Route))
#13 D:/PPLSI4707-C/projectPPLSI4707-C/PPLSI4707-C/vendor/laravel/framework/src/Illuminate/Foundation/Console/RouteListCommand.php(117): Illuminate/Foundation/Console/RouteListCommand->getRouteInformation(Object(Illuminate/Routing/Route))
#14 [internal function]: Illuminate/Foundation/Console/RouteListCommand->Illuminate/Foundation/Console/{closure}(Object(Illuminate/Routing/Route), 2)
#15 D:/PPLSI4707-C/projectPPLSI4707-C/PPLSI4707-C/vendor/laravel/framework/src/Illuminate/Collections/Arr.php(841): array_map(Object(Closure), Array, Array)
#16 D:/PPLSI4707-C/projectPPLSI4707-C/PPLSI4707-C/vendor/laravel/framework/src/Illuminate/Collections/Collection.php(826): Illuminate/Support/Arr::map(Array, Object(Closure))
#17 D:/PPLSI4707-C/projectPPLSI4707-C/PPLSI4707-C/vendor/laravel/framework/src/Illuminate/Foundation/Console/RouteListCommand.php(117): Illuminate/Support/Collection->map(Object(Closure))
#18 D:/PPLSI4707-C/projectPPLSI4707-C/PPLSI4707-C/vendor/laravel/framework/src/Illuminate/Foundation/Console/RouteListCommand.php(102): Illuminate/Foundation/Console/RouteListCommand->getRoutes()
#19 D:/PPLSI4707-C/projectPPLSI4707-C/PPLSI4707-C/vendor/laravel/framework/src/Illuminate/Container/BoundMethod.php(36): Illuminate/Foundation/Console/RouteListCommand->handle()
#20 D:/PPLSI4707-C/projectPPLSI4707-C/PPLSI4707-C/vendor/laravel/framework/src/Illuminate/Container/Util.php(43): Illuminate/Container/BoundMethod::Illuminate/Container/{closure}()
#21 D:/PPLSI4707-C/projectPPLSI4707-C/PPLSI4707-C/vendor/laravel/framework/src/Illuminate/Container/BoundMethod.php(96): Illuminate/Container/Util::unwrapIfClosure(Object(Closure))
#22 D:/PPLSI4707-C/projectPPLSI4707-C/PPLSI4707-C/vendor/laravel/framework/src/Illuminate/Container/BoundMethod.php(35): Illuminate/Container/BoundMethod::callBoundMethod(Object(Illuminate/Foundation/Application), Array, Object(Closure))
#23 D:/PPLSI4707-C/projectPPLSI4707-C/PPLSI4707-C/vendor/laravel/framework/src/Illuminate/Container/Container.php(799): Illuminate/Container/BoundMethod::call(Object(Illuminate/Foundation/Application), Array, Array, NULL)
#24 D:/PPLSI4707-C/projectPPLSI4707-C/PPLSI4707-C/vendor/laravel/framework/src/Illuminate/Console/Command.php(280): Illuminate/Container/Container->call(Array)
#25 D:/PPLSI4707-C/projectPPLSI4707-C/PPLSI4707-C/vendor/symfony/console/Command/Command.php(341): Illuminate/Console/Command->execute(Object(Symfony/Component/Console/Input/ArgvInput), Object(Illuminate/Console/OutputStyle))
#26 D:/PPLSI4707-C/projectPPLSI4707-C/PPLSI4707-C/vendor/laravel/framework/src/Illuminate/Console/Command.php(249): Symfony/Component/Console/Command/Command->run(Object(Symfony/Component/Console/Input/ArgvInput), Object(Illuminate/Console/OutputStyle))
#27 D:/PPLSI4707-C/projectPPLSI4707-C/PPLSI4707-C/vendor/symfony/console/Application.php(1117): Illuminate/Console/Command->run(Object(Symfony/Component/Console/Input/ArgvInput), Object(Symfony/Component/Console/Output/ConsoleOutput))
#28 D:/PPLSI4707-C/projectPPLSI4707-C/PPLSI4707-C/vendor/symfony/console/Application.php(356): Symfony/Component/Console/Application->doRunCommand(Object(Illuminate/Foundation/Console/RouteListCommand), Object(Symfony/Component/Console/Input/ArgvInput), Object(Symfony/Component/Console/Output/ConsoleOutput))
#29 D:/PPLSI4707-C/projectPPLSI4707-C/PPLSI4707-C/vendor/symfony/console/Application.php(195): Symfony/Component/Console/Application->doRun(Object(Symfony/Component/Console/Input/ArgvInput), Object(Symfony/Component/Console/Output/ConsoleOutput))
#30 D:/PPLSI4707-C/projectPPLSI4707-C/PPLSI4707-C/vendor/laravel/framework/src/Illuminate/Foundation/Console/Kernel.php(198): Symfony/Component/Console/Application->run(Object(Symfony/Component/Console/Input/ArgvInput), Object(Symfony/Component/Console/Output/ConsoleOutput))
#31 D:/PPLSI4707-C/projectPPLSI4707-C/PPLSI4707-C/artisan(35): Illuminate/Foundation/Console/Kernel->handle(Object(Symfony/Component/Console/Input/ArgvInput), Object(Symfony/Component/Console/Output/ConsoleOutput))
#32 {main}
"} 
